<!DOCTYPE html>
<html>

<head>
	<meta charset='UTF-8' /> 
	<meta name='description' content='' />
	<meta name='robots' content='noodp, noydir' />
	<meta name='viewport' content='width=device-width, initial-scale=1' />
	<meta id="timeStampFormat" name="timeStampFormat" content='MMM d, yyyy hh:mm:ss a'/>
	
	<link href='https://fonts.googleapis.com/css?family=Source+Sans+Pro:400,600' rel='stylesheet' type='text/css' />
	<link href="https://fonts.googleapis.com/icon?family=Material+Icons" rel="stylesheet" />
	<link href='https://cdn.rawgit.com/extent-framework/extent-github-cdn/39026ad/v3html/css/extent.css' type='text/css' rel='stylesheet' />
	
	<title>IMDA GUI Test Automation Report</title>

	<style type='text/css'>
		/* json-tree */
		.jstBracket,.jstComma,.jstValue{white-space:pre-wrap}.jstValue{font-size:10px;font-weight:400;font-family:"Lucida Console",Monaco,monospace}.jstProperty{color:#666;word-wrap:break-word}.jstBool{color:#2525CC}.jstNum{color:#D036D0}.jstNull{color:gray}.jstStr{color:#2DB669}.jstFold:after{content:' -';cursor:pointer}.jstExpand{white-space:normal}.jstExpand:after{content:' +';cursor:pointer}.jstFolded{white-space:normal!important}.jstHiddenBlock{display:none}
			
            

            
        
	</style>
	
	<script type="text/javascript">
		/*! json-tree - v0.2.2 - 2017-09-25, MIT LICENSE */
		var JSONTree=function(){var n={"&":"&amp;","<":"&lt;",">":"&gt;",'"':"&quot;","'":"&#x27;","/":"&#x2F;"},t=0,r=0;this.create=function(n,t){return r+=1,N(u(n,0,!1),{class:"jstValue"})};var e=function(t){return t.replace(/[&<>'"]/g,function(t){return n[t]})},s=function(){return r+"_"+t++},u=function(n,t,r){if(null===n)return f(r?t:0);switch(typeof n){case"boolean":return l(n,r?t:0);case"number":return i(n,r?t:0);case"string":return o(n,r?t:0);default:return n instanceof Array?a(n,t,r):c(n,t,r)}},c=function(n,t,r){var e=s(),u=Object.keys(n).map(function(r){return j(r,n[r],t+1,!0)}).join(m()),c=[g("{",r?t:0,e),N(u,{id:e}),p("}",t)].join("\n");return N(c,{})},a=function(n,t,r){var e=s(),c=n.map(function(n){return u(n,t+1,!0)}).join(m());return[g("[",r?t:0,e),N(c,{id:e}),p("]",t)].join("\n")},o=function(n,t){var r=e(JSON.stringify(n));return N(v(r,t),{class:"jstStr"})},i=function(n,t){return N(v(n,t),{class:"jstNum"})},l=function(n,t){return N(v(n,t),{class:"jstBool"})},f=function(n){return N(v("null",n),{class:"jstNull"})},j=function(n,t,r){var s=v(e(JSON.stringify(n))+": ",r),c=N(u(t,r,!1),{});return N(s+c,{class:"jstProperty"})},m=function(){return N(",\n",{class:"jstComma"})},N=function(n,t){return d("span",t,n)},d=function(n,t,r){return"<"+n+Object.keys(t).map(function(n){return" "+n+'="'+t[n]+'"'}).join("")+">"+r+"</"+n+">"},g=function(n,t,r){return N(v(n,t),{class:"jstBracket"})+N("",{class:"jstFold",onclick:"JSONTree.toggle('"+r+"')"})};this.toggle=function(n){var t=document.getElementById(n),r=t.parentNode,e=t.previousElementSibling;""===t.className?(t.className="jstHiddenBlock",r.className="jstFolded",e.className="jstExpand"):(t.className="",r.className="",e.className="jstFold")};var p=function(n,t){return N(v(n,t),{})},v=function(n,t){return Array(2*t+1).join(" ")+n};return this}();
	</script>
</head>
	<body class='extent standard default hide-overflow '>
		<div id='theme-selector' alt='Click to toggle theme. To enable by default, use theme configuration.' title='Click to toggle theme. To enable by default, use theme configuration.'>
			<span><i class='material-icons'>desktop_windows</i></span>
		</div>
<nav>
	<div class="nav-wrapper">
		<a href="#!" class="brand-logo black"><img src="https://cdn.rawgit.com/extent-framework/extent-github-cdn/d74480e/commons/img/logo.png"></a>
		<!-- slideout menu -->
		<ul id='slide-out' class='side-nav fixed hide-on-med-and-down'>
			<li class='waves-effect active'><a href='#!' view='test-view' onclick="configureView(0);chartsView('test');"><i class='material-icons'>dashboard</i></a></li>
						<li class='waves-effect'><a href='#!' view='exception-view' onclick="configureView(2)"><i class='material-icons'>bug_report</i></a></li>
			<li class='waves-effect'><a href='#!' onclick="configureView(-1);chartsView('dashboard');" view='dashboard-view'><i class='material-icons'>track_changes</i></a></li>
		</ul>
		<!-- report name -->
		<span class='report-name'>Reports</span>
		<!-- report headline -->
		<span class='report-headline'></span>
		<!-- nav-right -->
		<ul id='nav-mobile' class='right hide-on-med-and-down nav-right'>
			<a href='#!'>
			<span class='label blue darken-3 suite-start-time'>Mar 27, 2020 08:12:27 AM</span>
			</a>
		</ul>
	</div>
</nav>		<!-- container -->
		<div class='container'>
<div id='test-view' class='view'>
	<section id='controls'>
		<div class='controls grey lighten-4'>
			<!-- test toggle -->
			<div class='chip transparent'>
				<a class='dropdown-button tests-toggle' data-activates='tests-toggle' data-constrainwidth='true' data-beloworigin='true' data-hover='true' href='#'>
				<i class='material-icons'>warning</i> Status
				</a>
				<ul id='tests-toggle' class='dropdown-content'>
										<li status='pass'><a href='#!'>Pass <i class='material-icons green-text'>check_circle</i></a></li>
					<li status='fail'><a href='#!'>Fail <i class='material-icons red-text'>cancel</i></a></li>
					<li status='skip'><a href='#!'>Skip <i class='material-icons cyan-text'>redo</i></a></li>
					<li class='divider'></li>
					<li status='clear' clear='true'><a href='#!'>Clear Filters <i class='material-icons'>clear</i></a></li>
				</ul>
			</div>
			<!-- test toggle -->
			<!-- category toggle -->
			<!-- category toggle -->
			<!-- clear filters -->
			<div class='chip transparent hide'>
				<a class='' id='clear-filters' alt='Clear Filters' title='Clear Filters'>
				<i class='material-icons'>close</i> Clear
				</a>
			</div>
			<!-- clear filters -->
			<!-- enable dashboard -->
			<div id='toggle-test-view-charts' class='chip transparent'>
				<a class='pink-text' id='enable-dashboard' alt='Enable Dashboard' title='Enable Dashboard'>
				<i class='material-icons'>track_changes</i> Dashboard
				</a>
			</div>
			<!-- enable dashboard -->
			<!-- search -->
			<div class='chip transparent' alt='Search Tests' title='Search Tests'>
				<a href="#" class='search-div'>
				<i class='material-icons'>search</i> Search
				</a>
				<div class='input-field left hide'>
					<input id='search-tests' type='text' class='validate browser-default' placeholder='Search Tests...'>
				</div>
			</div>
			<!-- search -->
		</div>
	</section>
<div id='test-view-charts' class='subview-full'>
    <div id='charts-row' class='row nm-v nm-h'>
        <div class='col s12 m6 l6 np-h'>
            <div class='card-panel nm-v'>
                <div class='left panel-name'>Tests</div>
                <div class='chart-box' style="max-height:94px;">
                    <canvas id='parent-analysis' width='90' height='70'></canvas>
                </div>
                <div class='block text-small'>
                    <span class='tooltipped' data-position='top' data-tooltip='50%'><span class='strong'>4</span> test(s) passed</span>
                </div>
                <div class='block text-small'>
                    <span class='strong tooltipped' data-position='top' data-tooltip='50%'>4</span> test(s) failed, <span class='strong tooltipped' data-position='top' data-tooltip='0%'>0</span> others
                </div>
            </div>
        </div>
        <div class='col s12 m6 l6 np-h'>
            <div class='card-panel nm-v'>
                <div class='left panel-name'>Steps</div>
                <div class='chart-box' style="max-height:94px;">
                    <canvas id='child-analysis' width='90' height='70'></canvas>
                </div>
                <div class='block text-small'>
                    <span class='tooltipped' data-position='top' data-tooltip='86.486%'><span class='strong'>64</span> step(s) passed</span>
                </div>
                <div class='block text-small'>
                    <span class='strong tooltipped' data-position='top' data-tooltip='10.811%'>8</span> step(s) failed, <span class='strong tooltipped' data-position='top' data-tooltip='2.703%'>2</span> others
                </div>
            </div>
        </div>
    </div>
    <div id="timeline-chart" class="row nm-v nm-h">
        <div class="col s12 m12 l12 np-h">
            <div class="card-panel">
                <div class='left panel-name'>Timeline (seconds)</div>
                <div class="chart-box" style="width:98%;max-height:145px;">
                    <canvas id="timeline" height="120"></canvas>
                </div>
            </div>
        </div>
    </div>
</div>	<div class='subview-left left'>
		<div class='view-summary'>
			<ul id='test-collection' class='test-collection'>
				<li class='test displayed active has-leaf fail' status='fail' bdd='false' test-id='1'>
					<div class='test-heading'>
						<span class='test-name'>LoadFileTests</span>
						<span class='test-time'>Mar 27, 2020 08:12:32 AM</span>
						<span class='test-status right fail'>fail</span>
					</div>
					<div class='test-content hide'>
<div class='test-time-info'>
	<span class='label start-time'>Mar 27, 2020 08:12:32 AM</span>
	<span class='label end-time'>Mar 27, 2020 08:12:32 AM</span>
	<span class='label time-taken grey lighten-1 white-text'>0h 0m 0s+4ms</span>
</div>
<ul class='collapsible node-list' data-collapsible='accordion'>
	<li class='node level-1 leaf pass' status='pass' test-id='2'>
		<div class='collapsible-header'>
			<div class='node-name'>ConcatFiles</div>
			<span class='node-time'>Mar 27, 2020 08:12:32 AM</span>
			&middot; <span class='node-duration'>0h 0m 0s+0ms</span>
			<span class='test-status right pass'>pass</span>
		</div>
		<div class='collapsible-body'>
			<div class='node-steps'>
				<table class='bordered table-results'>
					<thead>
						<tr>
							<th>Status</th>
							<th>Timestamp</th>
							<th>Details</th>
						</tr>
					</thead>
					<tbody>
						<tr class='log' status='pass'>
							<td class='status pass' title='pass' alt='pass'><i class='material-icons'>check_circle</i></td>
							<td class='timestamp'>8:12:34 AM</td>
							<td class='step-details'>
									Test passed
								
							</td>
						</tr>
					</tbody>
				</table>
			</div>
		</div>
	</li>
	<li class='node level-1 leaf pass' status='pass' test-id='3'>
		<div class='collapsible-header'>
			<div class='node-name'>LoadCSVFile</div>
			<span class='node-time'>Mar 27, 2020 08:12:39 AM</span>
			&middot; <span class='node-duration'>0h 0m 0s+1ms</span>
			<span class='test-status right pass'>pass</span>
		</div>
		<div class='collapsible-body'>
			<div class='node-steps'>
				<table class='bordered table-results'>
					<thead>
						<tr>
							<th>Status</th>
							<th>Timestamp</th>
							<th>Details</th>
						</tr>
					</thead>
					<tbody>
						<tr class='log' status='pass'>
							<td class='status pass' title='pass' alt='pass'><i class='material-icons'>check_circle</i></td>
							<td class='timestamp'>8:12:41 AM</td>
							<td class='step-details'>
									Test passed
								
							</td>
						</tr>
					</tbody>
				</table>
			</div>
		</div>
	</li>
	<li class='node level-1 leaf pass' status='pass' test-id='4'>
		<div class='collapsible-header'>
			<div class='node-name'>LoadExcelFile</div>
			<span class='node-time'>Mar 27, 2020 08:12:46 AM</span>
			&middot; <span class='node-duration'>0h 0m 0s+0ms</span>
			<span class='test-status right pass'>pass</span>
		</div>
		<div class='collapsible-body'>
			<div class='node-steps'>
				<table class='bordered table-results'>
					<thead>
						<tr>
							<th>Status</th>
							<th>Timestamp</th>
							<th>Details</th>
						</tr>
					</thead>
					<tbody>
						<tr class='log' status='pass'>
							<td class='status pass' title='pass' alt='pass'><i class='material-icons'>check_circle</i></td>
							<td class='timestamp'>8:12:48 AM</td>
							<td class='step-details'>
									Test passed
								
							</td>
						</tr>
					</tbody>
				</table>
			</div>
		</div>
	</li>
	<li class='node level-1 leaf pass' status='pass' test-id='5'>
		<div class='collapsible-header'>
			<div class='node-name'>LoadTxtFile</div>
			<span class='node-time'>Mar 27, 2020 08:12:53 AM</span>
			&middot; <span class='node-duration'>0h 0m 0s+0ms</span>
			<span class='test-status right pass'>pass</span>
		</div>
		<div class='collapsible-body'>
			<div class='node-steps'>
				<table class='bordered table-results'>
					<thead>
						<tr>
							<th>Status</th>
							<th>Timestamp</th>
							<th>Details</th>
						</tr>
					</thead>
					<tbody>
						<tr class='log' status='pass'>
							<td class='status pass' title='pass' alt='pass'><i class='material-icons'>check_circle</i></td>
							<td class='timestamp'>8:12:55 AM</td>
							<td class='step-details'>
									Test passed
								
							</td>
						</tr>
					</tbody>
				</table>
			</div>
		</div>
	</li>
	<li class='node level-1 leaf fail' status='fail' test-id='6'>
		<div class='collapsible-header'>
			<div class='node-name'>importAndDeleteRegularModel</div>
			<span class='node-time'>Mar 27, 2020 08:13:01 AM</span>
			&middot; <span class='node-duration'>0h 0m 0s+0ms</span>
			<span class='test-status right fail'>fail</span>
		</div>
		<div class='collapsible-body'>
			<div class='node-steps'>
				<table class='bordered table-results'>
					<thead>
						<tr>
							<th>Status</th>
							<th>Timestamp</th>
							<th>Details</th>
						</tr>
					</thead>
					<tbody>
						<tr class='log' status='fail'>
							<td class='status fail' title='fail' alt='fail'><i class='material-icons'>cancel</i></td>
							<td class='timestamp'>8:13:03 AM</td>
							<td class='step-details'>
									<textarea disabled class="code-block">java.lang.AssertionError: Regular Model import fails! expected [Success] but found [Error]
	at org.testng.Assert.fail(Assert.java:97)
	at org.testng.Assert.assertEqualsImpl(Assert.java:136)
	at org.testng.Assert.assertEquals(Assert.java:118)
	at org.testng.Assert.assertEquals(Assert.java:575)
	at tests.LoadFileTests.importAndDeleteRegularModel(LoadFileTests.java:68)
	at java.base/jdk.internal.reflect.NativeMethodAccessorImpl.invoke0(Native Method)
	at java.base/jdk.internal.reflect.NativeMethodAccessorImpl.invoke(NativeMethodAccessorImpl.java:62)
	at java.base/jdk.internal.reflect.DelegatingMethodAccessorImpl.invoke(DelegatingMethodAccessorImpl.java:43)
	at java.base/java.lang.reflect.Method.invoke(Method.java:567)
	at org.testng.internal.MethodInvocationHelper.invokeMethod(MethodInvocationHelper.java:134)
	at org.testng.internal.TestInvoker.invokeMethod(TestInvoker.java:597)
	at org.testng.internal.TestInvoker.invokeTestMethod(TestInvoker.java:173)
	at org.testng.internal.MethodRunner.runInSequence(MethodRunner.java:46)
	at org.testng.internal.TestInvoker$MethodInvocationAgent.invoke(TestInvoker.java:816)
	at org.testng.internal.TestInvoker.invokeTestMethods(TestInvoker.java:146)
	at org.testng.internal.TestMethodWorker.invokeTestMethods(TestMethodWorker.java:146)
	at org.testng.internal.TestMethodWorker.run(TestMethodWorker.java:128)
	at java.base/java.util.ArrayList.forEach(ArrayList.java:1507)
	at org.testng.TestRunner.privateRun(TestRunner.java:766)
	at org.testng.TestRunner.run(TestRunner.java:587)
	at org.testng.SuiteRunner.runTest(SuiteRunner.java:384)
	at org.testng.SuiteRunner.runSequentially(SuiteRunner.java:378)
	at org.testng.SuiteRunner.privateRun(SuiteRunner.java:337)
	at org.testng.SuiteRunner.run(SuiteRunner.java:286)
	at org.testng.SuiteRunnerWorker.runSuite(SuiteRunnerWorker.java:53)
	at org.testng.SuiteRunnerWorker.run(SuiteRunnerWorker.java:96)
	at org.testng.TestNG.runSuitesSequentially(TestNG.java:1187)
	at org.testng.TestNG.runSuitesLocally(TestNG.java:1109)
	at org.testng.TestNG.runSuites(TestNG.java:1039)
	at org.testng.TestNG.run(TestNG.java:1007)
	at com.intellij.rt.testng.IDEARemoteTestNG.run(IDEARemoteTestNG.java:66)
	at com.intellij.rt.testng.RemoteTestNGStarter.main(RemoteTestNGStarter.java:110)
</textarea>
								
							</td>
						</tr>
					</tbody>
				</table>
			</div>
		</div>
	</li>
	<li class='node level-1 leaf skip' status='skip' test-id='7'>
		<div class='collapsible-header'>
			<div class='node-name'>createCombinedModel</div>
			<span class='node-time'>Mar 27, 2020 08:13:04 AM</span>
			&middot; <span class='node-duration'>0h 0m 0s+0ms</span>
			<span class='test-status right skip'>skip</span>
		</div>
		<div class='collapsible-body'>
			<div class='node-steps'>
				<table class='bordered table-results'>
					<thead>
						<tr>
							<th>Status</th>
							<th>Timestamp</th>
							<th>Details</th>
						</tr>
					</thead>
					<tbody>
						<tr class='log' status='skip'>
							<td class='status skip' title='skip' alt='skip'><i class='material-icons'>redo</i></td>
							<td class='timestamp'>8:13:04 AM</td>
							<td class='step-details'>
									<textarea disabled class="code-block">java.lang.Throwable: Method LoadFileTests.createCombinedModel()[pri:0, instance:tests.LoadFileTests@6166e06f] depends on not successfully finished methods
	at org.testng.internal.TestInvoker.invokeTestMethods(TestInvoker.java:101)
	at org.testng.internal.TestMethodWorker.invokeTestMethods(TestMethodWorker.java:146)
	at org.testng.internal.TestMethodWorker.run(TestMethodWorker.java:128)
	at java.base/java.util.ArrayList.forEach(ArrayList.java:1507)
	at org.testng.TestRunner.privateRun(TestRunner.java:766)
	at org.testng.TestRunner.run(TestRunner.java:587)
	at org.testng.SuiteRunner.runTest(SuiteRunner.java:384)
	at org.testng.SuiteRunner.runSequentially(SuiteRunner.java:378)
	at org.testng.SuiteRunner.privateRun(SuiteRunner.java:337)
	at org.testng.SuiteRunner.run(SuiteRunner.java:286)
	at org.testng.SuiteRunnerWorker.runSuite(SuiteRunnerWorker.java:53)
	at org.testng.SuiteRunnerWorker.run(SuiteRunnerWorker.java:96)
	at org.testng.TestNG.runSuitesSequentially(TestNG.java:1187)
	at org.testng.TestNG.runSuitesLocally(TestNG.java:1109)
	at org.testng.TestNG.runSuites(TestNG.java:1039)
	at org.testng.TestNG.run(TestNG.java:1007)
	at com.intellij.rt.testng.IDEARemoteTestNG.run(IDEARemoteTestNG.java:66)
	at com.intellij.rt.testng.RemoteTestNGStarter.main(RemoteTestNGStarter.java:110)
</textarea>
								
							</td>
						</tr>
					</tbody>
				</table>
			</div>
		</div>
	</li>
	<li class='node level-1 leaf skip' status='skip' test-id='8'>
		<div class='collapsible-header'>
			<div class='node-name'>importAndDeleteCombinedModel</div>
			<span class='node-time'>Mar 27, 2020 08:13:04 AM</span>
			&middot; <span class='node-duration'>0h 0m 0s+0ms</span>
			<span class='test-status right skip'>skip</span>
		</div>
		<div class='collapsible-body'>
			<div class='node-steps'>
				<table class='bordered table-results'>
					<thead>
						<tr>
							<th>Status</th>
							<th>Timestamp</th>
							<th>Details</th>
						</tr>
					</thead>
					<tbody>
						<tr class='log' status='skip'>
							<td class='status skip' title='skip' alt='skip'><i class='material-icons'>redo</i></td>
							<td class='timestamp'>8:13:04 AM</td>
							<td class='step-details'>
									<textarea disabled class="code-block">java.lang.Throwable: Method LoadFileTests.importAndDeleteCombinedModel()[pri:0, instance:tests.LoadFileTests@6166e06f] depends on not successfully finished methods
	at org.testng.internal.TestInvoker.invokeTestMethods(TestInvoker.java:101)
	at org.testng.internal.TestMethodWorker.invokeTestMethods(TestMethodWorker.java:146)
	at org.testng.internal.TestMethodWorker.run(TestMethodWorker.java:128)
	at java.base/java.util.ArrayList.forEach(ArrayList.java:1507)
	at org.testng.TestRunner.privateRun(TestRunner.java:766)
	at org.testng.TestRunner.run(TestRunner.java:587)
	at org.testng.SuiteRunner.runTest(SuiteRunner.java:384)
	at org.testng.SuiteRunner.runSequentially(SuiteRunner.java:378)
	at org.testng.SuiteRunner.privateRun(SuiteRunner.java:337)
	at org.testng.SuiteRunner.run(SuiteRunner.java:286)
	at org.testng.SuiteRunnerWorker.runSuite(SuiteRunnerWorker.java:53)
	at org.testng.SuiteRunnerWorker.run(SuiteRunnerWorker.java:96)
	at org.testng.TestNG.runSuitesSequentially(TestNG.java:1187)
	at org.testng.TestNG.runSuitesLocally(TestNG.java:1109)
	at org.testng.TestNG.runSuites(TestNG.java:1039)
	at org.testng.TestNG.run(TestNG.java:1007)
	at com.intellij.rt.testng.IDEARemoteTestNG.run(IDEARemoteTestNG.java:66)
	at com.intellij.rt.testng.RemoteTestNGStarter.main(RemoteTestNGStarter.java:110)
</textarea>
								
							</td>
						</tr>
					</tbody>
				</table>
			</div>
		</div>
	</li>
</ul>
					</div>
				</li>
				<li class='test displayed active has-leaf pass' status='pass' bdd='false' test-id='9'>
					<div class='test-heading'>
						<span class='test-name'>NavigationTests</span>
						<span class='test-time'>Mar 27, 2020 08:13:08 AM</span>
						<span class='test-status right pass'>pass</span>
					</div>
					<div class='test-content hide'>
<div class='test-time-info'>
	<span class='label start-time'>Mar 27, 2020 08:13:08 AM</span>
	<span class='label end-time'>Mar 27, 2020 08:13:08 AM</span>
	<span class='label time-taken grey lighten-1 white-text'>0h 0m 0s+0ms</span>
</div>
<ul class='collapsible node-list' data-collapsible='accordion'>
	<li class='node level-1 leaf pass' status='pass' test-id='10'>
		<div class='collapsible-header'>
			<div class='node-name'>NavigateCSVManagementPage</div>
			<span class='node-time'>Mar 27, 2020 08:13:08 AM</span>
			&middot; <span class='node-duration'>0h 0m 0s+0ms</span>
			<span class='test-status right pass'>pass</span>
		</div>
		<div class='collapsible-body'>
			<div class='node-steps'>
				<table class='bordered table-results'>
					<thead>
						<tr>
							<th>Status</th>
							<th>Timestamp</th>
							<th>Details</th>
						</tr>
					</thead>
					<tbody>
						<tr class='log' status='pass'>
							<td class='status pass' title='pass' alt='pass'><i class='material-icons'>check_circle</i></td>
							<td class='timestamp'>8:13:11 AM</td>
							<td class='step-details'>
									Test passed
								
							</td>
						</tr>
					</tbody>
				</table>
			</div>
		</div>
	</li>
	<li class='node level-1 leaf pass' status='pass' test-id='11'>
		<div class='collapsible-header'>
			<div class='node-name'>NavigateDashboard</div>
			<span class='node-time'>Mar 27, 2020 08:13:16 AM</span>
			&middot; <span class='node-duration'>0h 0m 0s+0ms</span>
			<span class='test-status right pass'>pass</span>
		</div>
		<div class='collapsible-body'>
			<div class='node-steps'>
				<table class='bordered table-results'>
					<thead>
						<tr>
							<th>Status</th>
							<th>Timestamp</th>
							<th>Details</th>
						</tr>
					</thead>
					<tbody>
						<tr class='log' status='pass'>
							<td class='status pass' title='pass' alt='pass'><i class='material-icons'>check_circle</i></td>
							<td class='timestamp'>8:13:19 AM</td>
							<td class='step-details'>
									Test passed
								
							</td>
						</tr>
					</tbody>
				</table>
			</div>
		</div>
	</li>
	<li class='node level-1 leaf pass' status='pass' test-id='12'>
		<div class='collapsible-header'>
			<div class='node-name'>NavigateExcelManagementPage</div>
			<span class='node-time'>Mar 27, 2020 08:13:24 AM</span>
			&middot; <span class='node-duration'>0h 0m 0s+0ms</span>
			<span class='test-status right pass'>pass</span>
		</div>
		<div class='collapsible-body'>
			<div class='node-steps'>
				<table class='bordered table-results'>
					<thead>
						<tr>
							<th>Status</th>
							<th>Timestamp</th>
							<th>Details</th>
						</tr>
					</thead>
					<tbody>
						<tr class='log' status='pass'>
							<td class='status pass' title='pass' alt='pass'><i class='material-icons'>check_circle</i></td>
							<td class='timestamp'>8:13:27 AM</td>
							<td class='step-details'>
									Test passed
								
							</td>
						</tr>
					</tbody>
				</table>
			</div>
		</div>
	</li>
	<li class='node level-1 leaf pass' status='pass' test-id='13'>
		<div class='collapsible-header'>
			<div class='node-name'>NavigateSamplePage</div>
			<span class='node-time'>Mar 27, 2020 08:13:32 AM</span>
			&middot; <span class='node-duration'>0h 0m 0s+0ms</span>
			<span class='test-status right pass'>pass</span>
		</div>
		<div class='collapsible-body'>
			<div class='node-steps'>
				<table class='bordered table-results'>
					<thead>
						<tr>
							<th>Status</th>
							<th>Timestamp</th>
							<th>Details</th>
						</tr>
					</thead>
					<tbody>
						<tr class='log' status='pass'>
							<td class='status pass' title='pass' alt='pass'><i class='material-icons'>check_circle</i></td>
							<td class='timestamp'>8:13:33 AM</td>
							<td class='step-details'>
									Test passed
								
							</td>
						</tr>
					</tbody>
				</table>
			</div>
		</div>
	</li>
</ul>
					</div>
				</li>
				<li class='test displayed active has-leaf pass' status='pass' bdd='false' test-id='14'>
					<div class='test-heading'>
						<span class='test-name'>DashboardTests</span>
						<span class='test-time'>Mar 27, 2020 08:13:38 AM</span>
						<span class='test-status right pass'>pass</span>
					</div>
					<div class='test-content hide'>
<div class='test-time-info'>
	<span class='label start-time'>Mar 27, 2020 08:13:38 AM</span>
	<span class='label end-time'>Mar 27, 2020 08:13:38 AM</span>
	<span class='label time-taken grey lighten-1 white-text'>0h 0m 0s+0ms</span>
</div>
<ul class='collapsible node-list' data-collapsible='accordion'>
	<li class='node level-1 leaf pass' status='pass' test-id='15'>
		<div class='collapsible-header'>
			<div class='node-name'>comprehensiveAnalysisTests</div>
			<span class='node-time'>Mar 27, 2020 08:13:38 AM</span>
			&middot; <span class='node-duration'>0h 0m 0s+0ms</span>
			<span class='test-status right pass'>pass</span>
		</div>
		<div class='collapsible-body'>
			<div class='node-steps'>
				<table class='bordered table-results'>
					<thead>
						<tr>
							<th>Status</th>
							<th>Timestamp</th>
							<th>Details</th>
						</tr>
					</thead>
					<tbody>
						<tr class='log' status='pass'>
							<td class='status pass' title='pass' alt='pass'><i class='material-icons'>check_circle</i></td>
							<td class='timestamp'>8:13:41 AM</td>
							<td class='step-details'>
									Test passed
								
							</td>
						</tr>
					</tbody>
				</table>
			</div>
		</div>
	</li>
	<li class='node level-1 leaf pass' status='pass' test-id='16'>
		<div class='collapsible-header'>
			<div class='node-name'>modelAnalysisTests</div>
			<span class='node-time'>Mar 27, 2020 08:13:46 AM</span>
			&middot; <span class='node-duration'>0h 0m 0s+0ms</span>
			<span class='test-status right pass'>pass</span>
		</div>
		<div class='collapsible-body'>
			<div class='node-steps'>
				<table class='bordered table-results'>
					<thead>
						<tr>
							<th>Status</th>
							<th>Timestamp</th>
							<th>Details</th>
						</tr>
					</thead>
					<tbody>
						<tr class='log' status='pass'>
							<td class='status pass' title='pass' alt='pass'><i class='material-icons'>check_circle</i></td>
							<td class='timestamp'>8:13:50 AM</td>
							<td class='step-details'>
									Test passed
								
							</td>
						</tr>
					</tbody>
				</table>
			</div>
		</div>
	</li>
</ul>
					</div>
				</li>
				<li class='test displayed active has-leaf fail' status='fail' bdd='false' test-id='17'>
					<div class='test-heading'>
						<span class='test-name'>TextModelTests</span>
						<span class='test-time'>Mar 27, 2020 08:13:55 AM</span>
						<span class='test-status right fail'>fail</span>
					</div>
					<div class='test-content hide'>
<div class='test-time-info'>
	<span class='label start-time'>Mar 27, 2020 08:13:55 AM</span>
	<span class='label end-time'>Mar 27, 2020 08:13:55 AM</span>
	<span class='label time-taken grey lighten-1 white-text'>0h 0m 0s+0ms</span>
</div>
<ul class='collapsible node-list' data-collapsible='accordion'>
	<li class='node level-1 leaf pass' status='pass' test-id='18'>
		<div class='collapsible-header'>
			<div class='node-name'>advancedTableTest</div>
			<span class='node-time'>Mar 27, 2020 08:13:55 AM</span>
			&middot; <span class='node-duration'>0h 0m 0s+0ms</span>
			<span class='test-status right pass'>pass</span>
		</div>
		<div class='collapsible-body'>
			<div class='node-steps'>
				<table class='bordered table-results'>
					<thead>
						<tr>
							<th>Status</th>
							<th>Timestamp</th>
							<th>Details</th>
						</tr>
					</thead>
					<tbody>
						<tr class='log' status='pass'>
							<td class='status pass' title='pass' alt='pass'><i class='material-icons'>check_circle</i></td>
							<td class='timestamp'>8:14:07 AM</td>
							<td class='step-details'>
									Test passed
								
							</td>
						</tr>
					</tbody>
				</table>
			</div>
		</div>
	</li>
	<li class='node level-1 leaf pass' status='pass' test-id='19'>
		<div class='collapsible-header'>
			<div class='node-name'>chunkExpressionTest</div>
			<span class='node-time'>Mar 27, 2020 08:14:12 AM</span>
			&middot; <span class='node-duration'>0h 0m 0s+0ms</span>
			<span class='test-status right pass'>pass</span>
		</div>
		<div class='collapsible-body'>
			<div class='node-steps'>
				<table class='bordered table-results'>
					<thead>
						<tr>
							<th>Status</th>
							<th>Timestamp</th>
							<th>Details</th>
						</tr>
					</thead>
					<tbody>
						<tr class='log' status='pass'>
							<td class='status pass' title='pass' alt='pass'><i class='material-icons'>check_circle</i></td>
							<td class='timestamp'>8:14:15 AM</td>
							<td class='step-details'>
									Test passed
								
							</td>
						</tr>
					</tbody>
				</table>
			</div>
		</div>
	</li>
	<li class='node level-1 leaf pass' status='pass' test-id='20'>
		<div class='collapsible-header'>
			<div class='node-name'>commandTests</div>
			<span class='node-time'>Mar 27, 2020 08:14:20 AM</span>
			&middot; <span class='node-duration'>0h 0m 0s+0ms</span>
			<span class='test-status right pass'>pass</span>
		</div>
		<div class='collapsible-body'>
			<div class='node-steps'>
				<table class='bordered table-results'>
					<thead>
						<tr>
							<th>Status</th>
							<th>Timestamp</th>
							<th>Details</th>
						</tr>
					</thead>
					<tbody>
						<tr class='log' status='pass'>
							<td class='status pass' title='pass' alt='pass'><i class='material-icons'>check_circle</i></td>
							<td class='timestamp'>8:14:25 AM</td>
							<td class='step-details'>
									Test passed
								
							</td>
						</tr>
					</tbody>
				</table>
			</div>
		</div>
	</li>
	<li class='node level-1 leaf pass' status='pass' test-id='21'>
		<div class='collapsible-header'>
			<div class='node-name'>exactMatchTests</div>
			<span class='node-time'>Mar 27, 2020 08:14:30 AM</span>
			&middot; <span class='node-duration'>0h 0m 0s+0ms</span>
			<span class='test-status right pass'>pass</span>
		</div>
		<div class='collapsible-body'>
			<div class='node-steps'>
				<table class='bordered table-results'>
					<thead>
						<tr>
							<th>Status</th>
							<th>Timestamp</th>
							<th>Details</th>
						</tr>
					</thead>
					<tbody>
						<tr class='log' status='pass'>
							<td class='status pass' title='pass' alt='pass'><i class='material-icons'>check_circle</i></td>
							<td class='timestamp'>8:14:36 AM</td>
							<td class='step-details'>
									Test passed
								
							</td>
						</tr>
					</tbody>
				</table>
			</div>
		</div>
	</li>
	<li class='node level-1 leaf pass' status='pass' test-id='22'>
		<div class='collapsible-header'>
			<div class='node-name'>excludesTests</div>
			<span class='node-time'>Mar 27, 2020 08:14:41 AM</span>
			&middot; <span class='node-duration'>0h 0m 0s+0ms</span>
			<span class='test-status right pass'>pass</span>
		</div>
		<div class='collapsible-body'>
			<div class='node-steps'>
				<table class='bordered table-results'>
					<thead>
						<tr>
							<th>Status</th>
							<th>Timestamp</th>
							<th>Details</th>
						</tr>
					</thead>
					<tbody>
						<tr class='log' status='pass'>
							<td class='status pass' title='pass' alt='pass'><i class='material-icons'>check_circle</i></td>
							<td class='timestamp'>8:14:47 AM</td>
							<td class='step-details'>
									Test passed
								
							</td>
						</tr>
					</tbody>
				</table>
			</div>
		</div>
	</li>
	<li class='node level-1 leaf pass' status='pass' test-id='23'>
		<div class='collapsible-header'>
			<div class='node-name'>grokTest</div>
			<span class='node-time'>Mar 27, 2020 08:14:52 AM</span>
			&middot; <span class='node-duration'>0h 0m 0s+1ms</span>
			<span class='test-status right pass'>pass</span>
		</div>
		<div class='collapsible-body'>
			<div class='node-steps'>
				<table class='bordered table-results'>
					<thead>
						<tr>
							<th>Status</th>
							<th>Timestamp</th>
							<th>Details</th>
						</tr>
					</thead>
					<tbody>
						<tr class='log' status='pass'>
							<td class='status pass' title='pass' alt='pass'><i class='material-icons'>check_circle</i></td>
							<td class='timestamp'>8:15:00 AM</td>
							<td class='step-details'>
									Test passed
								
							</td>
						</tr>
					</tbody>
				</table>
			</div>
		</div>
	</li>
	<li class='node level-1 leaf pass' status='pass' test-id='24'>
		<div class='collapsible-header'>
			<div class='node-name'>includesTests</div>
			<span class='node-time'>Mar 27, 2020 08:15:05 AM</span>
			&middot; <span class='node-duration'>0h 0m 0s+0ms</span>
			<span class='test-status right pass'>pass</span>
		</div>
		<div class='collapsible-body'>
			<div class='node-steps'>
				<table class='bordered table-results'>
					<thead>
						<tr>
							<th>Status</th>
							<th>Timestamp</th>
							<th>Details</th>
						</tr>
					</thead>
					<tbody>
						<tr class='log' status='pass'>
							<td class='status pass' title='pass' alt='pass'><i class='material-icons'>check_circle</i></td>
							<td class='timestamp'>8:15:11 AM</td>
							<td class='step-details'>
									Test passed
								
							</td>
						</tr>
					</tbody>
				</table>
			</div>
		</div>
	</li>
	<li class='node level-1 leaf pass' status='pass' test-id='25'>
		<div class='collapsible-header'>
			<div class='node-name'>regexTest</div>
			<span class='node-time'>Mar 27, 2020 08:15:16 AM</span>
			&middot; <span class='node-duration'>0h 0m 0s+0ms</span>
			<span class='test-status right pass'>pass</span>
		</div>
		<div class='collapsible-body'>
			<div class='node-steps'>
				<table class='bordered table-results'>
					<thead>
						<tr>
							<th>Status</th>
							<th>Timestamp</th>
							<th>Details</th>
						</tr>
					</thead>
					<tbody>
						<tr class='log' status='pass'>
							<td class='status pass' title='pass' alt='pass'><i class='material-icons'>check_circle</i></td>
							<td class='timestamp'>8:15:25 AM</td>
							<td class='step-details'>
									Test passed
								
							</td>
						</tr>
					</tbody>
				</table>
			</div>
		</div>
	</li>
	<li class='node level-1 leaf pass' status='pass' test-id='26'>
		<div class='collapsible-header'>
			<div class='node-name'>setTests</div>
			<span class='node-time'>Mar 27, 2020 08:15:30 AM</span>
			&middot; <span class='node-duration'>0h 0m 0s+1ms</span>
			<span class='test-status right pass'>pass</span>
		</div>
		<div class='collapsible-body'>
			<div class='node-steps'>
				<table class='bordered table-results'>
					<thead>
						<tr>
							<th>Status</th>
							<th>Timestamp</th>
							<th>Details</th>
						</tr>
					</thead>
					<tbody>
						<tr class='log' status='pass'>
							<td class='status pass' title='pass' alt='pass'><i class='material-icons'>check_circle</i></td>
							<td class='timestamp'>8:15:35 AM</td>
							<td class='step-details'>
									Test passed
								
							</td>
						</tr>
					</tbody>
				</table>
			</div>
		</div>
	</li>
	<li class='node level-1 leaf pass' status='pass' test-id='27'>
		<div class='collapsible-header'>
			<div class='node-name'>simpleTableTests</div>
			<span class='node-time'>Mar 27, 2020 08:15:40 AM</span>
			&middot; <span class='node-duration'>0h 0m 0s+0ms</span>
			<span class='test-status right pass'>pass</span>
		</div>
		<div class='collapsible-body'>
			<div class='node-steps'>
				<table class='bordered table-results'>
					<thead>
						<tr>
							<th>Status</th>
							<th>Timestamp</th>
							<th>Details</th>
						</tr>
					</thead>
					<tbody>
						<tr class='log' status='pass'>
							<td class='status pass' title='pass' alt='pass'><i class='material-icons'>check_circle</i></td>
							<td class='timestamp'>8:15:46 AM</td>
							<td class='step-details'>
									Test passed
								
							</td>
						</tr>
					</tbody>
				</table>
			</div>
		</div>
	</li>
	<li class='node level-1 leaf pass' status='pass' test-id='28'>
		<div class='collapsible-header'>
			<div class='node-name'>startsAndEndsWithTests</div>
			<span class='node-time'>Mar 27, 2020 08:15:51 AM</span>
			&middot; <span class='node-duration'>0h 0m 0s+0ms</span>
			<span class='test-status right pass'>pass</span>
		</div>
		<div class='collapsible-body'>
			<div class='node-steps'>
				<table class='bordered table-results'>
					<thead>
						<tr>
							<th>Status</th>
							<th>Timestamp</th>
							<th>Details</th>
						</tr>
					</thead>
					<tbody>
						<tr class='log' status='pass'>
							<td class='status pass' title='pass' alt='pass'><i class='material-icons'>check_circle</i></td>
							<td class='timestamp'>8:15:58 AM</td>
							<td class='step-details'>
									Test passed
								
							</td>
						</tr>
					</tbody>
				</table>
			</div>
		</div>
	</li>
	<li class='node level-1 leaf fail' status='fail' test-id='29'>
		<div class='collapsible-header'>
			<div class='node-name'>displayWrapperResultTests</div>
			<span class='node-time'>Mar 27, 2020 08:16:03 AM</span>
			&middot; <span class='node-duration'>0h 0m 0s+0ms</span>
			<span class='test-status right fail'>fail</span>
		</div>
		<div class='collapsible-body'>
			<div class='node-steps'>
				<table class='bordered table-results'>
					<thead>
						<tr>
							<th>Status</th>
							<th>Timestamp</th>
							<th>Details</th>
						</tr>
					</thead>
					<tbody>
						<tr class='log' status='fail'>
							<td class='status fail' title='fail' alt='fail'><i class='material-icons'>cancel</i></td>
							<td class='timestamp'>8:16:14 AM</td>
							<td class='step-details'>
									<textarea disabled class="code-block">java.lang.AssertionError: Wrapper result is not shown correctly in 'Model Extraction Results' modal! expected [4] but found [0]
	at org.testng.Assert.fail(Assert.java:97)
	at org.testng.Assert.assertEqualsImpl(Assert.java:136)
	at org.testng.Assert.assertEquals(Assert.java:118)
	at org.testng.Assert.assertEquals(Assert.java:839)
	at tests.TextModelTests.displayWrapperResultTests(TextModelTests.java:249)
	at java.base/jdk.internal.reflect.NativeMethodAccessorImpl.invoke0(Native Method)
	at java.base/jdk.internal.reflect.NativeMethodAccessorImpl.invoke(NativeMethodAccessorImpl.java:62)
	at java.base/jdk.internal.reflect.DelegatingMethodAccessorImpl.invoke(DelegatingMethodAccessorImpl.java:43)
	at java.base/java.lang.reflect.Method.invoke(Method.java:567)
	at org.testng.internal.MethodInvocationHelper.invokeMethod(MethodInvocationHelper.java:134)
	at org.testng.internal.TestInvoker.invokeMethod(TestInvoker.java:597)
	at org.testng.internal.TestInvoker.invokeTestMethod(TestInvoker.java:173)
	at org.testng.internal.MethodRunner.runInSequence(MethodRunner.java:46)
	at org.testng.internal.TestInvoker$MethodInvocationAgent.invoke(TestInvoker.java:816)
	at org.testng.internal.TestInvoker.invokeTestMethods(TestInvoker.java:146)
	at org.testng.internal.TestMethodWorker.invokeTestMethods(TestMethodWorker.java:146)
	at org.testng.internal.TestMethodWorker.run(TestMethodWorker.java:128)
	at java.base/java.util.ArrayList.forEach(ArrayList.java:1507)
	at org.testng.TestRunner.privateRun(TestRunner.java:766)
	at org.testng.TestRunner.run(TestRunner.java:587)
	at org.testng.SuiteRunner.runTest(SuiteRunner.java:384)
	at org.testng.SuiteRunner.runSequentially(SuiteRunner.java:378)
	at org.testng.SuiteRunner.privateRun(SuiteRunner.java:337)
	at org.testng.SuiteRunner.run(SuiteRunner.java:286)
	at org.testng.SuiteRunnerWorker.runSuite(SuiteRunnerWorker.java:53)
	at org.testng.SuiteRunnerWorker.run(SuiteRunnerWorker.java:96)
	at org.testng.TestNG.runSuitesSequentially(TestNG.java:1187)
	at org.testng.TestNG.runSuitesLocally(TestNG.java:1109)
	at org.testng.TestNG.runSuites(TestNG.java:1039)
	at org.testng.TestNG.run(TestNG.java:1007)
	at com.intellij.rt.testng.IDEARemoteTestNG.run(IDEARemoteTestNG.java:66)
	at com.intellij.rt.testng.RemoteTestNGStarter.main(RemoteTestNGStarter.java:110)
</textarea>
								
							</td>
						</tr>
					</tbody>
				</table>
			</div>
		</div>
	</li>
	<li class='node level-1 leaf fail' status='fail' test-id='30'>
		<div class='collapsible-header'>
			<div class='node-name'>createNewModelTest</div>
			<span class='node-time'>Mar 27, 2020 08:16:19 AM</span>
			&middot; <span class='node-duration'>0h 0m 0s+0ms</span>
			<span class='test-status right fail'>fail</span>
		</div>
		<div class='collapsible-body'>
			<div class='node-steps'>
				<table class='bordered table-results'>
					<thead>
						<tr>
							<th>Status</th>
							<th>Timestamp</th>
							<th>Details</th>
						</tr>
					</thead>
					<tbody>
						<tr class='log' status='fail'>
							<td class='status fail' title='fail' alt='fail'><i class='material-icons'>cancel</i></td>
							<td class='timestamp'>8:16:33 AM</td>
							<td class='step-details'>
									<textarea disabled class="code-block">java.lang.AssertionError: Page is not cleared! expected [0] but found [1]
	at org.testng.Assert.fail(Assert.java:97)
	at org.testng.Assert.assertEqualsImpl(Assert.java:136)
	at org.testng.Assert.assertEquals(Assert.java:118)
	at org.testng.Assert.assertEquals(Assert.java:839)
	at tests.TextModelTests.createNewModelTest(TextModelTests.java:318)
	at java.base/jdk.internal.reflect.NativeMethodAccessorImpl.invoke0(Native Method)
	at java.base/jdk.internal.reflect.NativeMethodAccessorImpl.invoke(NativeMethodAccessorImpl.java:62)
	at java.base/jdk.internal.reflect.DelegatingMethodAccessorImpl.invoke(DelegatingMethodAccessorImpl.java:43)
	at java.base/java.lang.reflect.Method.invoke(Method.java:567)
	at org.testng.internal.MethodInvocationHelper.invokeMethod(MethodInvocationHelper.java:134)
	at org.testng.internal.TestInvoker.invokeMethod(TestInvoker.java:597)
	at org.testng.internal.TestInvoker.invokeTestMethod(TestInvoker.java:173)
	at org.testng.internal.MethodRunner.runInSequence(MethodRunner.java:46)
	at org.testng.internal.TestInvoker$MethodInvocationAgent.invoke(TestInvoker.java:816)
	at org.testng.internal.TestInvoker.invokeTestMethods(TestInvoker.java:146)
	at org.testng.internal.TestMethodWorker.invokeTestMethods(TestMethodWorker.java:146)
	at org.testng.internal.TestMethodWorker.run(TestMethodWorker.java:128)
	at java.base/java.util.ArrayList.forEach(ArrayList.java:1507)
	at org.testng.TestRunner.privateRun(TestRunner.java:766)
	at org.testng.TestRunner.run(TestRunner.java:587)
	at org.testng.SuiteRunner.runTest(SuiteRunner.java:384)
	at org.testng.SuiteRunner.runSequentially(SuiteRunner.java:378)
	at org.testng.SuiteRunner.privateRun(SuiteRunner.java:337)
	at org.testng.SuiteRunner.run(SuiteRunner.java:286)
	at org.testng.SuiteRunnerWorker.runSuite(SuiteRunnerWorker.java:53)
	at org.testng.SuiteRunnerWorker.run(SuiteRunnerWorker.java:96)
	at org.testng.TestNG.runSuitesSequentially(TestNG.java:1187)
	at org.testng.TestNG.runSuitesLocally(TestNG.java:1109)
	at org.testng.TestNG.runSuites(TestNG.java:1039)
	at org.testng.TestNG.run(TestNG.java:1007)
	at com.intellij.rt.testng.IDEARemoteTestNG.run(IDEARemoteTestNG.java:66)
	at com.intellij.rt.testng.RemoteTestNGStarter.main(RemoteTestNGStarter.java:110)
</textarea>
								
							</td>
						</tr>
					</tbody>
				</table>
			</div>
		</div>
	</li>
	<li class='node level-1 leaf pass' status='pass' test-id='31'>
		<div class='collapsible-header'>
			<div class='node-name'>actionWrapperTest</div>
			<span class='node-time'>Mar 27, 2020 08:16:38 AM</span>
			&middot; <span class='node-duration'>0h 0m 0s+0ms</span>
			<span class='test-status right pass'>pass</span>
		</div>
		<div class='collapsible-body'>
			<div class='node-steps'>
				<table class='bordered table-results'>
					<thead>
						<tr>
							<th>Status</th>
							<th>Timestamp</th>
							<th>Details</th>
						</tr>
					</thead>
					<tbody>
						<tr class='log' status='pass'>
							<td class='status pass' title='pass' alt='pass'><i class='material-icons'>check_circle</i></td>
							<td class='timestamp'>8:16:47 AM</td>
							<td class='step-details'>
									Test passed
								
							</td>
						</tr>
					</tbody>
				</table>
			</div>
		</div>
	</li>
	<li class='node level-1 leaf fail' status='fail' test-id='32'>
		<div class='collapsible-header'>
			<div class='node-name'>deleteSpecificWrapper</div>
			<span class='node-time'>Mar 27, 2020 08:16:52 AM</span>
			&middot; <span class='node-duration'>0h 0m 0s+0ms</span>
			<span class='test-status right fail'>fail</span>
		</div>
		<div class='collapsible-body'>
			<div class='node-steps'>
				<table class='bordered table-results'>
					<thead>
						<tr>
							<th>Status</th>
							<th>Timestamp</th>
							<th>Details</th>
						</tr>
					</thead>
					<tbody>
						<tr class='log' status='fail'>
							<td class='status fail' title='fail' alt='fail'><i class='material-icons'>cancel</i></td>
							<td class='timestamp'>8:16:58 AM</td>
							<td class='step-details'>
									<textarea disabled class="code-block">org.openqa.selenium.ElementClickInterceptedException: element click intercepted: Element <div class="react-contextmenu-item" role="menuitem" tabindex="-1" aria-disabled="false">...</div> is not clickable at point (234, 357). Other element would receive the click: <div class="CodeMirror-scroll" tabindex="-1">...</div>
  (Session info: chrome=80.0.3987.149)
Build info: version: '3.141.59', revision: 'e82be7d358', time: '2018-11-14T08:17:03'
System info: host: 'ISTY2M004756151', ip: '10.122.26.193', os.name: 'Windows 7', os.arch: 'amd64', os.version: '6.1', java.version: '13.0.1'
Driver info: org.openqa.selenium.chrome.ChromeDriver
Capabilities {acceptInsecureCerts: false, browserName: chrome, browserVersion: 80.0.3987.149, chrome: {chromedriverVersion: 79.0.3945.36 (3582db32b3389..., userDataDir: C:\Users\M00475~1\AppData\L...}, goog:chromeOptions: {debuggerAddress: localhost:49868}, javascriptEnabled: true, networkConnectionEnabled: false, pageLoadStrategy: normal, platform: WINDOWS, platformName: WINDOWS, proxy: Proxy(), setWindowRect: true, strictFileInteractability: false, timeouts: {implicit: 0, pageLoad: 300000, script: 30000}, unhandledPromptBehavior: dismiss and notify}
Session ID: 109bd64cdb82b4f7a7ec45ed019b589b
	at java.base/jdk.internal.reflect.NativeConstructorAccessorImpl.newInstance0(Native Method)
	at java.base/jdk.internal.reflect.NativeConstructorAccessorImpl.newInstance(NativeConstructorAccessorImpl.java:62)
	at java.base/jdk.internal.reflect.DelegatingConstructorAccessorImpl.newInstance(DelegatingConstructorAccessorImpl.java:45)
	at java.base/java.lang.reflect.Constructor.newInstanceWithCaller(Constructor.java:500)
	at java.base/java.lang.reflect.Constructor.newInstance(Constructor.java:481)
	at org.openqa.selenium.remote.http.W3CHttpResponseCodec.createException(W3CHttpResponseCodec.java:187)
	at org.openqa.selenium.remote.http.W3CHttpResponseCodec.decode(W3CHttpResponseCodec.java:122)
	at org.openqa.selenium.remote.http.W3CHttpResponseCodec.decode(W3CHttpResponseCodec.java:49)
	at org.openqa.selenium.remote.HttpCommandExecutor.execute(HttpCommandExecutor.java:158)
	at org.openqa.selenium.remote.service.DriverCommandExecutor.execute(DriverCommandExecutor.java:83)
	at org.openqa.selenium.remote.RemoteWebDriver.execute(RemoteWebDriver.java:552)
	at org.openqa.selenium.remote.RemoteWebElement.execute(RemoteWebElement.java:285)
	at org.openqa.selenium.remote.RemoteWebElement.click(RemoteWebElement.java:84)
	at jdk.internal.reflect.GeneratedMethodAccessor1.invoke(Unknown Source)
	at java.base/jdk.internal.reflect.DelegatingMethodAccessorImpl.invoke(DelegatingMethodAccessorImpl.java:43)
	at java.base/java.lang.reflect.Method.invoke(Method.java:567)
	at org.openqa.selenium.support.pagefactory.internal.LocatingElementHandler.invoke(LocatingElementHandler.java:51)
	at com.sun.proxy.$Proxy11.click(Unknown Source)
	at pages.ContextMenu.setSimpleTableRule(ContextMenu.java:214)
	at tests.TextModelTests.deleteSpecificWrapper(TextModelTests.java:208)
	at java.base/jdk.internal.reflect.NativeMethodAccessorImpl.invoke0(Native Method)
	at java.base/jdk.internal.reflect.NativeMethodAccessorImpl.invoke(NativeMethodAccessorImpl.java:62)
	at java.base/jdk.internal.reflect.DelegatingMethodAccessorImpl.invoke(DelegatingMethodAccessorImpl.java:43)
	at java.base/java.lang.reflect.Method.invoke(Method.java:567)
	at org.testng.internal.MethodInvocationHelper.invokeMethod(MethodInvocationHelper.java:134)
	at org.testng.internal.TestInvoker.invokeMethod(TestInvoker.java:597)
	at org.testng.internal.TestInvoker.invokeTestMethod(TestInvoker.java:173)
	at org.testng.internal.MethodRunner.runInSequence(MethodRunner.java:46)
	at org.testng.internal.TestInvoker$MethodInvocationAgent.invoke(TestInvoker.java:816)
	at org.testng.internal.TestInvoker.invokeTestMethods(TestInvoker.java:146)
	at org.testng.internal.TestMethodWorker.invokeTestMethods(TestMethodWorker.java:146)
	at org.testng.internal.TestMethodWorker.run(TestMethodWorker.java:128)
	at java.base/java.util.ArrayList.forEach(ArrayList.java:1507)
	at org.testng.TestRunner.privateRun(TestRunner.java:766)
	at org.testng.TestRunner.run(TestRunner.java:587)
	at org.testng.SuiteRunner.runTest(SuiteRunner.java:384)
	at org.testng.SuiteRunner.runSequentially(SuiteRunner.java:378)
	at org.testng.SuiteRunner.privateRun(SuiteRunner.java:337)
	at org.testng.SuiteRunner.run(SuiteRunner.java:286)
	at org.testng.SuiteRunnerWorker.runSuite(SuiteRunnerWorker.java:53)
	at org.testng.SuiteRunnerWorker.run(SuiteRunnerWorker.java:96)
	at org.testng.TestNG.runSuitesSequentially(TestNG.java:1187)
	at org.testng.TestNG.runSuitesLocally(TestNG.java:1109)
	at org.testng.TestNG.runSuites(TestNG.java:1039)
	at org.testng.TestNG.run(TestNG.java:1007)
	at com.intellij.rt.testng.IDEARemoteTestNG.run(IDEARemoteTestNG.java:66)
	at com.intellij.rt.testng.RemoteTestNGStarter.main(RemoteTestNGStarter.java:110)
</textarea>
								
							</td>
						</tr>
					</tbody>
				</table>
			</div>
		</div>
	</li>
	<li class='node level-1 leaf fail' status='fail' test-id='33'>
		<div class='collapsible-header'>
			<div class='node-name'>saveRegularModel</div>
			<span class='node-time'>Mar 27, 2020 08:17:03 AM</span>
			&middot; <span class='node-duration'>0h 0m 0s+0ms</span>
			<span class='test-status right fail'>fail</span>
		</div>
		<div class='collapsible-body'>
			<div class='node-steps'>
				<table class='bordered table-results'>
					<thead>
						<tr>
							<th>Status</th>
							<th>Timestamp</th>
							<th>Details</th>
						</tr>
					</thead>
					<tbody>
						<tr class='log' status='fail'>
							<td class='status fail' title='fail' alt='fail'><i class='material-icons'>cancel</i></td>
							<td class='timestamp'>8:17:09 AM</td>
							<td class='step-details'>
									<textarea disabled class="code-block">org.openqa.selenium.NoSuchElementException: no such element: Unable to locate element: {"method":"xpath","selector":"/html/body/div[3]/div[2]/div/div/div[2]/div[2]/div[2]/div/div[1]/div/div/div[1]/div/form/div[1]/div/div[2]/input"}
  (Session info: chrome=80.0.3987.149)
For documentation on this error, please visit: https://www.seleniumhq.org/exceptions/no_such_element.html
Build info: version: '3.141.59', revision: 'e82be7d358', time: '2018-11-14T08:17:03'
System info: host: 'ISTY2M004756151', ip: '10.122.26.193', os.name: 'Windows 7', os.arch: 'amd64', os.version: '6.1', java.version: '13.0.1'
Driver info: org.openqa.selenium.chrome.ChromeDriver
Capabilities {acceptInsecureCerts: false, browserName: chrome, browserVersion: 80.0.3987.149, chrome: {chromedriverVersion: 79.0.3945.36 (3582db32b3389..., userDataDir: C:\Users\M00475~1\AppData\L...}, goog:chromeOptions: {debuggerAddress: localhost:49891}, javascriptEnabled: true, networkConnectionEnabled: false, pageLoadStrategy: normal, platform: WINDOWS, platformName: WINDOWS, proxy: Proxy(), setWindowRect: true, strictFileInteractability: false, timeouts: {implicit: 0, pageLoad: 300000, script: 30000}, unhandledPromptBehavior: dismiss and notify}
Session ID: a07f64a97d90068d781606de5b5a9664
*** Element info: {Using=xpath, value=/html/body/div[3]/div[2]/div/div/div[2]/div[2]/div[2]/div/div[1]/div/div/div[1]/div/form/div[1]/div/div[2]/input}
	at java.base/jdk.internal.reflect.NativeConstructorAccessorImpl.newInstance0(Native Method)
	at java.base/jdk.internal.reflect.NativeConstructorAccessorImpl.newInstance(NativeConstructorAccessorImpl.java:62)
	at java.base/jdk.internal.reflect.DelegatingConstructorAccessorImpl.newInstance(DelegatingConstructorAccessorImpl.java:45)
	at java.base/java.lang.reflect.Constructor.newInstanceWithCaller(Constructor.java:500)
	at java.base/java.lang.reflect.Constructor.newInstance(Constructor.java:481)
	at org.openqa.selenium.remote.http.W3CHttpResponseCodec.createException(W3CHttpResponseCodec.java:187)
	at org.openqa.selenium.remote.http.W3CHttpResponseCodec.decode(W3CHttpResponseCodec.java:122)
	at org.openqa.selenium.remote.http.W3CHttpResponseCodec.decode(W3CHttpResponseCodec.java:49)
	at org.openqa.selenium.remote.HttpCommandExecutor.execute(HttpCommandExecutor.java:158)
	at org.openqa.selenium.remote.service.DriverCommandExecutor.execute(DriverCommandExecutor.java:83)
	at org.openqa.selenium.remote.RemoteWebDriver.execute(RemoteWebDriver.java:552)
	at org.openqa.selenium.remote.RemoteWebDriver.findElement(RemoteWebDriver.java:323)
	at org.openqa.selenium.remote.RemoteWebDriver.findElementByXPath(RemoteWebDriver.java:428)
	at org.openqa.selenium.By$ByXPath.findElement(By.java:353)
	at org.openqa.selenium.remote.RemoteWebDriver.findElement(RemoteWebDriver.java:315)
	at org.openqa.selenium.support.pagefactory.DefaultElementLocator.findElement(DefaultElementLocator.java:69)
	at org.openqa.selenium.support.pagefactory.internal.LocatingElementHandler.invoke(LocatingElementHandler.java:38)
	at com.sun.proxy.$Proxy11.sendKeys(Unknown Source)
	at pages.HomePage.saveModel(HomePage.java:121)
	at tests.TextModelTests.saveRegularModel(TextModelTests.java:367)
	at java.base/jdk.internal.reflect.NativeMethodAccessorImpl.invoke0(Native Method)
	at java.base/jdk.internal.reflect.NativeMethodAccessorImpl.invoke(NativeMethodAccessorImpl.java:62)
	at java.base/jdk.internal.reflect.DelegatingMethodAccessorImpl.invoke(DelegatingMethodAccessorImpl.java:43)
	at java.base/java.lang.reflect.Method.invoke(Method.java:567)
	at org.testng.internal.MethodInvocationHelper.invokeMethod(MethodInvocationHelper.java:134)
	at org.testng.internal.TestInvoker.invokeMethod(TestInvoker.java:597)
	at org.testng.internal.TestInvoker.invokeTestMethod(TestInvoker.java:173)
	at org.testng.internal.MethodRunner.runInSequence(MethodRunner.java:46)
	at org.testng.internal.TestInvoker$MethodInvocationAgent.invoke(TestInvoker.java:816)
	at org.testng.internal.TestInvoker.invokeTestMethods(TestInvoker.java:146)
	at org.testng.internal.TestMethodWorker.invokeTestMethods(TestMethodWorker.java:146)
	at org.testng.internal.TestMethodWorker.run(TestMethodWorker.java:128)
	at java.base/java.util.ArrayList.forEach(ArrayList.java:1507)
	at org.testng.TestRunner.privateRun(TestRunner.java:766)
	at org.testng.TestRunner.run(TestRunner.java:587)
	at org.testng.SuiteRunner.runTest(SuiteRunner.java:384)
	at org.testng.SuiteRunner.runSequentially(SuiteRunner.java:378)
	at org.testng.SuiteRunner.privateRun(SuiteRunner.java:337)
	at org.testng.SuiteRunner.run(SuiteRunner.java:286)
	at org.testng.SuiteRunnerWorker.runSuite(SuiteRunnerWorker.java:53)
	at org.testng.SuiteRunnerWorker.run(SuiteRunnerWorker.java:96)
	at org.testng.TestNG.runSuitesSequentially(TestNG.java:1187)
	at org.testng.TestNG.runSuitesLocally(TestNG.java:1109)
	at org.testng.TestNG.runSuites(TestNG.java:1039)
	at org.testng.TestNG.run(TestNG.java:1007)
	at com.intellij.rt.testng.IDEARemoteTestNG.run(IDEARemoteTestNG.java:66)
	at com.intellij.rt.testng.RemoteTestNGStarter.main(RemoteTestNGStarter.java:110)
</textarea>
								
							</td>
						</tr>
					</tbody>
				</table>
			</div>
		</div>
	</li>
	<li class='node level-1 leaf pass' status='pass' test-id='34'>
		<div class='collapsible-header'>
			<div class='node-name'>specialWrapperTest</div>
			<span class='node-time'>Mar 27, 2020 08:17:14 AM</span>
			&middot; <span class='node-duration'>0h 0m 0s+0ms</span>
			<span class='test-status right pass'>pass</span>
		</div>
		<div class='collapsible-body'>
			<div class='node-steps'>
				<table class='bordered table-results'>
					<thead>
						<tr>
							<th>Status</th>
							<th>Timestamp</th>
							<th>Details</th>
						</tr>
					</thead>
					<tbody>
						<tr class='log' status='pass'>
							<td class='status pass' title='pass' alt='pass'><i class='material-icons'>check_circle</i></td>
							<td class='timestamp'>8:17:23 AM</td>
							<td class='step-details'>
									Test passed
								
							</td>
						</tr>
					</tbody>
				</table>
			</div>
		</div>
	</li>
	<li class='node level-1 leaf pass' status='pass' test-id='35'>
		<div class='collapsible-header'>
			<div class='node-name'>updateWrapperNameTest</div>
			<span class='node-time'>Mar 27, 2020 08:17:28 AM</span>
			&middot; <span class='node-duration'>0h 0m 0s+0ms</span>
			<span class='test-status right pass'>pass</span>
		</div>
		<div class='collapsible-body'>
			<div class='node-steps'>
				<table class='bordered table-results'>
					<thead>
						<tr>
							<th>Status</th>
							<th>Timestamp</th>
							<th>Details</th>
						</tr>
					</thead>
					<tbody>
						<tr class='log' status='pass'>
							<td class='status pass' title='pass' alt='pass'><i class='material-icons'>check_circle</i></td>
							<td class='timestamp'>8:17:37 AM</td>
							<td class='step-details'>
									Test passed
								
							</td>
						</tr>
					</tbody>
				</table>
			</div>
		</div>
	</li>
	<li class='node level-1 leaf fail' status='fail' test-id='36'>
		<div class='collapsible-header'>
			<div class='node-name'>wrapperNumberTests</div>
			<span class='node-time'>Mar 27, 2020 08:17:42 AM</span>
			&middot; <span class='node-duration'>0h 0m 0s+0ms</span>
			<span class='test-status right fail'>fail</span>
		</div>
		<div class='collapsible-body'>
			<div class='node-steps'>
				<table class='bordered table-results'>
					<thead>
						<tr>
							<th>Status</th>
							<th>Timestamp</th>
							<th>Details</th>
						</tr>
					</thead>
					<tbody>
						<tr class='log' status='fail'>
							<td class='status fail' title='fail' alt='fail'><i class='material-icons'>cancel</i></td>
							<td class='timestamp'>8:17:47 AM</td>
							<td class='step-details'>
									<textarea disabled class="code-block">org.openqa.selenium.ElementClickInterceptedException: element click intercepted: Element <div class="react-contextmenu-item" role="menuitem" tabindex="-1" aria-disabled="false">...</div> is not clickable at point (234, 357). Other element would receive the click: <div class="CodeMirror-scroll" tabindex="-1">...</div>
  (Session info: chrome=80.0.3987.149)
Build info: version: '3.141.59', revision: 'e82be7d358', time: '2018-11-14T08:17:03'
System info: host: 'ISTY2M004756151', ip: '10.122.26.193', os.name: 'Windows 7', os.arch: 'amd64', os.version: '6.1', java.version: '13.0.1'
Driver info: org.openqa.selenium.chrome.ChromeDriver
Capabilities {acceptInsecureCerts: false, browserName: chrome, browserVersion: 80.0.3987.149, chrome: {chromedriverVersion: 79.0.3945.36 (3582db32b3389..., userDataDir: C:\Users\M00475~1\AppData\L...}, goog:chromeOptions: {debuggerAddress: localhost:49965}, javascriptEnabled: true, networkConnectionEnabled: false, pageLoadStrategy: normal, platform: WINDOWS, platformName: WINDOWS, proxy: Proxy(), setWindowRect: true, strictFileInteractability: false, timeouts: {implicit: 0, pageLoad: 300000, script: 30000}, unhandledPromptBehavior: dismiss and notify}
Session ID: 1c7cb93a57b514796ce0311d9c751999
	at java.base/jdk.internal.reflect.NativeConstructorAccessorImpl.newInstance0(Native Method)
	at java.base/jdk.internal.reflect.NativeConstructorAccessorImpl.newInstance(NativeConstructorAccessorImpl.java:62)
	at java.base/jdk.internal.reflect.DelegatingConstructorAccessorImpl.newInstance(DelegatingConstructorAccessorImpl.java:45)
	at java.base/java.lang.reflect.Constructor.newInstanceWithCaller(Constructor.java:500)
	at java.base/java.lang.reflect.Constructor.newInstance(Constructor.java:481)
	at org.openqa.selenium.remote.http.W3CHttpResponseCodec.createException(W3CHttpResponseCodec.java:187)
	at org.openqa.selenium.remote.http.W3CHttpResponseCodec.decode(W3CHttpResponseCodec.java:122)
	at org.openqa.selenium.remote.http.W3CHttpResponseCodec.decode(W3CHttpResponseCodec.java:49)
	at org.openqa.selenium.remote.HttpCommandExecutor.execute(HttpCommandExecutor.java:158)
	at org.openqa.selenium.remote.service.DriverCommandExecutor.execute(DriverCommandExecutor.java:83)
	at org.openqa.selenium.remote.RemoteWebDriver.execute(RemoteWebDriver.java:552)
	at org.openqa.selenium.remote.RemoteWebElement.execute(RemoteWebElement.java:285)
	at org.openqa.selenium.remote.RemoteWebElement.click(RemoteWebElement.java:84)
	at jdk.internal.reflect.GeneratedMethodAccessor1.invoke(Unknown Source)
	at java.base/jdk.internal.reflect.DelegatingMethodAccessorImpl.invoke(DelegatingMethodAccessorImpl.java:43)
	at java.base/java.lang.reflect.Method.invoke(Method.java:567)
	at org.openqa.selenium.support.pagefactory.internal.LocatingElementHandler.invoke(LocatingElementHandler.java:51)
	at com.sun.proxy.$Proxy11.click(Unknown Source)
	at pages.ContextMenu.setSimpleTableRule(ContextMenu.java:214)
	at tests.TextModelTests.wrapperNumberTests(TextModelTests.java:146)
	at java.base/jdk.internal.reflect.NativeMethodAccessorImpl.invoke0(Native Method)
	at java.base/jdk.internal.reflect.NativeMethodAccessorImpl.invoke(NativeMethodAccessorImpl.java:62)
	at java.base/jdk.internal.reflect.DelegatingMethodAccessorImpl.invoke(DelegatingMethodAccessorImpl.java:43)
	at java.base/java.lang.reflect.Method.invoke(Method.java:567)
	at org.testng.internal.MethodInvocationHelper.invokeMethod(MethodInvocationHelper.java:134)
	at org.testng.internal.TestInvoker.invokeMethod(TestInvoker.java:597)
	at org.testng.internal.TestInvoker.invokeTestMethod(TestInvoker.java:173)
	at org.testng.internal.MethodRunner.runInSequence(MethodRunner.java:46)
	at org.testng.internal.TestInvoker$MethodInvocationAgent.invoke(TestInvoker.java:816)
	at org.testng.internal.TestInvoker.invokeTestMethods(TestInvoker.java:146)
	at org.testng.internal.TestMethodWorker.invokeTestMethods(TestMethodWorker.java:146)
	at org.testng.internal.TestMethodWorker.run(TestMethodWorker.java:128)
	at java.base/java.util.ArrayList.forEach(ArrayList.java:1507)
	at org.testng.TestRunner.privateRun(TestRunner.java:766)
	at org.testng.TestRunner.run(TestRunner.java:587)
	at org.testng.SuiteRunner.runTest(SuiteRunner.java:384)
	at org.testng.SuiteRunner.runSequentially(SuiteRunner.java:378)
	at org.testng.SuiteRunner.privateRun(SuiteRunner.java:337)
	at org.testng.SuiteRunner.run(SuiteRunner.java:286)
	at org.testng.SuiteRunnerWorker.runSuite(SuiteRunnerWorker.java:53)
	at org.testng.SuiteRunnerWorker.run(SuiteRunnerWorker.java:96)
	at org.testng.TestNG.runSuitesSequentially(TestNG.java:1187)
	at org.testng.TestNG.runSuitesLocally(TestNG.java:1109)
	at org.testng.TestNG.runSuites(TestNG.java:1039)
	at org.testng.TestNG.run(TestNG.java:1007)
	at com.intellij.rt.testng.IDEARemoteTestNG.run(IDEARemoteTestNG.java:66)
	at com.intellij.rt.testng.RemoteTestNGStarter.main(RemoteTestNGStarter.java:110)
</textarea>
								
							</td>
						</tr>
					</tbody>
				</table>
			</div>
		</div>
	</li>
</ul>
					</div>
				</li>
				<li class='test displayed active has-leaf pass' status='pass' bdd='false' test-id='37'>
					<div class='test-heading'>
						<span class='test-name'>SearchTests</span>
						<span class='test-time'>Mar 27, 2020 08:17:52 AM</span>
						<span class='test-status right pass'>pass</span>
					</div>
					<div class='test-content hide'>
<div class='test-time-info'>
	<span class='label start-time'>Mar 27, 2020 08:17:52 AM</span>
	<span class='label end-time'>Mar 27, 2020 08:17:52 AM</span>
	<span class='label time-taken grey lighten-1 white-text'>0h 0m 0s+0ms</span>
</div>
<ul class='collapsible node-list' data-collapsible='accordion'>
	<li class='node level-1 leaf pass' status='pass' test-id='38'>
		<div class='collapsible-header'>
			<div class='node-name'>SearchInTextArea</div>
			<span class='node-time'>Mar 27, 2020 08:17:52 AM</span>
			&middot; <span class='node-duration'>0h 0m 0s+0ms</span>
			<span class='test-status right pass'>pass</span>
		</div>
		<div class='collapsible-body'>
			<div class='node-steps'>
				<table class='bordered table-results'>
					<thead>
						<tr>
							<th>Status</th>
							<th>Timestamp</th>
							<th>Details</th>
						</tr>
					</thead>
					<tbody>
						<tr class='log' status='pass'>
							<td class='status pass' title='pass' alt='pass'><i class='material-icons'>check_circle</i></td>
							<td class='timestamp'>8:17:56 AM</td>
							<td class='step-details'>
									Test passed
								
							</td>
						</tr>
					</tbody>
				</table>
			</div>
		</div>
	</li>
</ul>
					</div>
				</li>
				<li class='test displayed active has-leaf pass' status='pass' bdd='false' test-id='39'>
					<div class='test-heading'>
						<span class='test-name'>SettingsTest</span>
						<span class='test-time'>Mar 27, 2020 08:18:01 AM</span>
						<span class='test-status right pass'>pass</span>
					</div>
					<div class='test-content hide'>
<div class='test-time-info'>
	<span class='label start-time'>Mar 27, 2020 08:18:01 AM</span>
	<span class='label end-time'>Mar 27, 2020 08:18:01 AM</span>
	<span class='label time-taken grey lighten-1 white-text'>0h 0m 0s+0ms</span>
</div>
<ul class='collapsible node-list' data-collapsible='accordion'>
	<li class='node level-1 leaf pass' status='pass' test-id='40'>
		<div class='collapsible-header'>
			<div class='node-name'>changeExtractionLimit</div>
			<span class='node-time'>Mar 27, 2020 08:18:01 AM</span>
			&middot; <span class='node-duration'>0h 0m 0s+0ms</span>
			<span class='test-status right pass'>pass</span>
		</div>
		<div class='collapsible-body'>
			<div class='node-steps'>
				<table class='bordered table-results'>
					<thead>
						<tr>
							<th>Status</th>
							<th>Timestamp</th>
							<th>Details</th>
						</tr>
					</thead>
					<tbody>
						<tr class='log' status='pass'>
							<td class='status pass' title='pass' alt='pass'><i class='material-icons'>check_circle</i></td>
							<td class='timestamp'>8:18:15 AM</td>
							<td class='step-details'>
									Test passed
								
							</td>
						</tr>
					</tbody>
				</table>
			</div>
		</div>
	</li>
	<li class='node level-1 leaf pass' status='pass' test-id='41'>
		<div class='collapsible-header'>
			<div class='node-name'>changeLanguage</div>
			<span class='node-time'>Mar 27, 2020 08:18:20 AM</span>
			&middot; <span class='node-duration'>0h 0m 0s+0ms</span>
			<span class='test-status right pass'>pass</span>
		</div>
		<div class='collapsible-body'>
			<div class='node-steps'>
				<table class='bordered table-results'>
					<thead>
						<tr>
							<th>Status</th>
							<th>Timestamp</th>
							<th>Details</th>
						</tr>
					</thead>
					<tbody>
						<tr class='log' status='pass'>
							<td class='status pass' title='pass' alt='pass'><i class='material-icons'>check_circle</i></td>
							<td class='timestamp'>8:18:25 AM</td>
							<td class='step-details'>
									Test passed
								
							</td>
						</tr>
					</tbody>
				</table>
			</div>
		</div>
	</li>
</ul>
					</div>
				</li>
				<li class='test displayed active has-leaf fail' status='fail' bdd='false' test-id='42'>
					<div class='test-heading'>
						<span class='test-name'>ExcelManagementTests</span>
						<span class='test-time'>Mar 27, 2020 08:18:30 AM</span>
						<span class='test-status right fail'>fail</span>
					</div>
					<div class='test-content hide'>
<div class='test-time-info'>
	<span class='label start-time'>Mar 27, 2020 08:18:30 AM</span>
	<span class='label end-time'>Mar 27, 2020 08:18:30 AM</span>
	<span class='label time-taken grey lighten-1 white-text'>0h 0m 0s+0ms</span>
</div>
<ul class='collapsible node-list' data-collapsible='accordion'>
	<li class='node level-1 leaf pass' status='pass' test-id='43'>
		<div class='collapsible-header'>
			<div class='node-name'>addAllOutputSheetTest</div>
			<span class='node-time'>Mar 27, 2020 08:18:30 AM</span>
			&middot; <span class='node-duration'>0h 0m 0s+0ms</span>
			<span class='test-status right pass'>pass</span>
		</div>
		<div class='collapsible-body'>
			<div class='node-steps'>
				<table class='bordered table-results'>
					<thead>
						<tr>
							<th>Status</th>
							<th>Timestamp</th>
							<th>Details</th>
						</tr>
					</thead>
					<tbody>
						<tr class='log' status='pass'>
							<td class='status pass' title='pass' alt='pass'><i class='material-icons'>check_circle</i></td>
							<td class='timestamp'>8:18:33 AM</td>
							<td class='step-details'>
									Test passed
								
							</td>
						</tr>
					</tbody>
				</table>
			</div>
		</div>
	</li>
	<li class='node level-1 leaf pass' status='pass' test-id='44'>
		<div class='collapsible-header'>
			<div class='node-name'>addOutputSheetTest</div>
			<span class='node-time'>Mar 27, 2020 08:18:38 AM</span>
			&middot; <span class='node-duration'>0h 0m 0s+0ms</span>
			<span class='test-status right pass'>pass</span>
		</div>
		<div class='collapsible-body'>
			<div class='node-steps'>
				<table class='bordered table-results'>
					<thead>
						<tr>
							<th>Status</th>
							<th>Timestamp</th>
							<th>Details</th>
						</tr>
					</thead>
					<tbody>
						<tr class='log' status='pass'>
							<td class='status pass' title='pass' alt='pass'><i class='material-icons'>check_circle</i></td>
							<td class='timestamp'>8:18:41 AM</td>
							<td class='step-details'>
									Test passed
								
							</td>
						</tr>
					</tbody>
				</table>
			</div>
		</div>
	</li>
	<li class='node level-1 leaf pass' status='pass' test-id='45'>
		<div class='collapsible-header'>
			<div class='node-name'>clearOutputSheetTest</div>
			<span class='node-time'>Mar 27, 2020 08:18:46 AM</span>
			&middot; <span class='node-duration'>0h 0m 0s+0ms</span>
			<span class='test-status right pass'>pass</span>
		</div>
		<div class='collapsible-body'>
			<div class='node-steps'>
				<table class='bordered table-results'>
					<thead>
						<tr>
							<th>Status</th>
							<th>Timestamp</th>
							<th>Details</th>
						</tr>
					</thead>
					<tbody>
						<tr class='log' status='pass'>
							<td class='status pass' title='pass' alt='pass'><i class='material-icons'>check_circle</i></td>
							<td class='timestamp'>8:18:51 AM</td>
							<td class='step-details'>
									Test passed
								
							</td>
						</tr>
					</tbody>
				</table>
			</div>
		</div>
	</li>
	<li class='node level-1 leaf pass' status='pass' test-id='46'>
		<div class='collapsible-header'>
			<div class='node-name'>deselectAllSheetTest</div>
			<span class='node-time'>Mar 27, 2020 08:18:56 AM</span>
			&middot; <span class='node-duration'>0h 0m 0s+0ms</span>
			<span class='test-status right pass'>pass</span>
		</div>
		<div class='collapsible-body'>
			<div class='node-steps'>
				<table class='bordered table-results'>
					<thead>
						<tr>
							<th>Status</th>
							<th>Timestamp</th>
							<th>Details</th>
						</tr>
					</thead>
					<tbody>
						<tr class='log' status='pass'>
							<td class='status pass' title='pass' alt='pass'><i class='material-icons'>check_circle</i></td>
							<td class='timestamp'>8:18:58 AM</td>
							<td class='step-details'>
									Test passed
								
							</td>
						</tr>
					</tbody>
				</table>
			</div>
		</div>
	</li>
	<li class='node level-1 leaf pass' status='pass' test-id='47'>
		<div class='collapsible-header'>
			<div class='node-name'>importExcelModelTest</div>
			<span class='node-time'>Mar 27, 2020 08:19:03 AM</span>
			&middot; <span class='node-duration'>0h 0m 0s+1ms</span>
			<span class='test-status right pass'>pass</span>
		</div>
		<div class='collapsible-body'>
			<div class='node-steps'>
				<table class='bordered table-results'>
					<thead>
						<tr>
							<th>Status</th>
							<th>Timestamp</th>
							<th>Details</th>
						</tr>
					</thead>
					<tbody>
						<tr class='log' status='pass'>
							<td class='status pass' title='pass' alt='pass'><i class='material-icons'>check_circle</i></td>
							<td class='timestamp'>8:19:08 AM</td>
							<td class='step-details'>
									Test passed
								
							</td>
						</tr>
					</tbody>
				</table>
			</div>
		</div>
	</li>
	<li class='node level-1 leaf pass' status='pass' test-id='48'>
		<div class='collapsible-header'>
			<div class='node-name'>loadExcelFileInManagement</div>
			<span class='node-time'>Mar 27, 2020 08:19:13 AM</span>
			&middot; <span class='node-duration'>0h 0m 0s+0ms</span>
			<span class='test-status right pass'>pass</span>
		</div>
		<div class='collapsible-body'>
			<div class='node-steps'>
				<table class='bordered table-results'>
					<thead>
						<tr>
							<th>Status</th>
							<th>Timestamp</th>
							<th>Details</th>
						</tr>
					</thead>
					<tbody>
						<tr class='log' status='pass'>
							<td class='status pass' title='pass' alt='pass'><i class='material-icons'>check_circle</i></td>
							<td class='timestamp'>8:19:18 AM</td>
							<td class='step-details'>
									Test passed
								
							</td>
						</tr>
					</tbody>
				</table>
			</div>
		</div>
	</li>
	<li class='node level-1 leaf pass' status='pass' test-id='49'>
		<div class='collapsible-header'>
			<div class='node-name'>selectAllSheetTest</div>
			<span class='node-time'>Mar 27, 2020 08:19:23 AM</span>
			&middot; <span class='node-duration'>0h 0m 0s+0ms</span>
			<span class='test-status right pass'>pass</span>
		</div>
		<div class='collapsible-body'>
			<div class='node-steps'>
				<table class='bordered table-results'>
					<thead>
						<tr>
							<th>Status</th>
							<th>Timestamp</th>
							<th>Details</th>
						</tr>
					</thead>
					<tbody>
						<tr class='log' status='pass'>
							<td class='status pass' title='pass' alt='pass'><i class='material-icons'>check_circle</i></td>
							<td class='timestamp'>8:19:25 AM</td>
							<td class='step-details'>
									Test passed
								
							</td>
						</tr>
					</tbody>
				</table>
			</div>
		</div>
	</li>
	<li class='node level-1 leaf pass' status='pass' test-id='50'>
		<div class='collapsible-header'>
			<div class='node-name'>sheetListTest</div>
			<span class='node-time'>Mar 27, 2020 08:19:30 AM</span>
			&middot; <span class='node-duration'>0h 0m 0s+0ms</span>
			<span class='test-status right pass'>pass</span>
		</div>
		<div class='collapsible-body'>
			<div class='node-steps'>
				<table class='bordered table-results'>
					<thead>
						<tr>
							<th>Status</th>
							<th>Timestamp</th>
							<th>Details</th>
						</tr>
					</thead>
					<tbody>
						<tr class='log' status='pass'>
							<td class='status pass' title='pass' alt='pass'><i class='material-icons'>check_circle</i></td>
							<td class='timestamp'>8:19:32 AM</td>
							<td class='step-details'>
									Test passed
								
							</td>
						</tr>
					</tbody>
				</table>
			</div>
		</div>
	</li>
	<li class='node level-1 leaf pass' status='pass' test-id='51'>
		<div class='collapsible-header'>
			<div class='node-name'>addSpecialWrapperTest</div>
			<span class='node-time'>Mar 27, 2020 08:19:37 AM</span>
			&middot; <span class='node-duration'>0h 0m 0s+0ms</span>
			<span class='test-status right pass'>pass</span>
		</div>
		<div class='collapsible-body'>
			<div class='node-steps'>
				<table class='bordered table-results'>
					<thead>
						<tr>
							<th>Status</th>
							<th>Timestamp</th>
							<th>Details</th>
						</tr>
					</thead>
					<tbody>
						<tr class='log' status='pass'>
							<td class='status pass' title='pass' alt='pass'><i class='material-icons'>check_circle</i></td>
							<td class='timestamp'>8:19:41 AM</td>
							<td class='step-details'>
									Test passed
								
							</td>
						</tr>
					</tbody>
				</table>
			</div>
		</div>
	</li>
	<li class='node level-1 leaf pass' status='pass' test-id='52'>
		<div class='collapsible-header'>
			<div class='node-name'>cancelEditOutputSheetButtonTest</div>
			<span class='node-time'>Mar 27, 2020 08:19:46 AM</span>
			&middot; <span class='node-duration'>0h 0m 0s+0ms</span>
			<span class='test-status right pass'>pass</span>
		</div>
		<div class='collapsible-body'>
			<div class='node-steps'>
				<table class='bordered table-results'>
					<thead>
						<tr>
							<th>Status</th>
							<th>Timestamp</th>
							<th>Details</th>
						</tr>
					</thead>
					<tbody>
						<tr class='log' status='pass'>
							<td class='status pass' title='pass' alt='pass'><i class='material-icons'>check_circle</i></td>
							<td class='timestamp'>8:19:51 AM</td>
							<td class='step-details'>
									Test passed
								
							</td>
						</tr>
					</tbody>
				</table>
			</div>
		</div>
	</li>
	<li class='node level-1 leaf pass' status='pass' test-id='53'>
		<div class='collapsible-header'>
			<div class='node-name'>deleteOutputSheetTest</div>
			<span class='node-time'>Mar 27, 2020 08:19:56 AM</span>
			&middot; <span class='node-duration'>0h 0m 0s+0ms</span>
			<span class='test-status right pass'>pass</span>
		</div>
		<div class='collapsible-body'>
			<div class='node-steps'>
				<table class='bordered table-results'>
					<thead>
						<tr>
							<th>Status</th>
							<th>Timestamp</th>
							<th>Details</th>
						</tr>
					</thead>
					<tbody>
						<tr class='log' status='pass'>
							<td class='status pass' title='pass' alt='pass'><i class='material-icons'>check_circle</i></td>
							<td class='timestamp'>8:20:01 AM</td>
							<td class='step-details'>
									Test passed
								
							</td>
						</tr>
					</tbody>
				</table>
			</div>
		</div>
	</li>
	<li class='node level-1 leaf pass' status='pass' test-id='54'>
		<div class='collapsible-header'>
			<div class='node-name'>deselectAllHeadersTest</div>
			<span class='node-time'>Mar 27, 2020 08:20:06 AM</span>
			&middot; <span class='node-duration'>0h 0m 0s+0ms</span>
			<span class='test-status right pass'>pass</span>
		</div>
		<div class='collapsible-body'>
			<div class='node-steps'>
				<table class='bordered table-results'>
					<thead>
						<tr>
							<th>Status</th>
							<th>Timestamp</th>
							<th>Details</th>
						</tr>
					</thead>
					<tbody>
						<tr class='log' status='pass'>
							<td class='status pass' title='pass' alt='pass'><i class='material-icons'>check_circle</i></td>
							<td class='timestamp'>8:20:12 AM</td>
							<td class='step-details'>
									Test passed
								
							</td>
						</tr>
					</tbody>
				</table>
			</div>
		</div>
	</li>
	<li class='node level-1 leaf fail' status='fail' test-id='55'>
		<div class='collapsible-header'>
			<div class='node-name'>dragAndDropHeaderTest</div>
			<span class='node-time'>Mar 27, 2020 08:20:16 AM</span>
			&middot; <span class='node-duration'>0h 0m 0s+0ms</span>
			<span class='test-status right fail'>fail</span>
		</div>
		<div class='collapsible-body'>
			<div class='node-steps'>
				<table class='bordered table-results'>
					<thead>
						<tr>
							<th>Status</th>
							<th>Timestamp</th>
							<th>Details</th>
						</tr>
					</thead>
					<tbody>
						<tr class='log' status='fail'>
							<td class='status fail' title='fail' alt='fail'><i class='material-icons'>cancel</i></td>
							<td class='timestamp'>8:20:22 AM</td>
							<td class='step-details'>
									<textarea disabled class="code-block">java.lang.AssertionError: Sheets can not be added by drag and drop! expected [true] but found [false]
	at org.testng.Assert.fail(Assert.java:97)
	at org.testng.Assert.failNotEquals(Assert.java:969)
	at org.testng.Assert.assertTrue(Assert.java:43)
	at tests.ExcelManagementTests.dragAndDropHeaderTest(ExcelManagementTests.java:151)
	at java.base/jdk.internal.reflect.NativeMethodAccessorImpl.invoke0(Native Method)
	at java.base/jdk.internal.reflect.NativeMethodAccessorImpl.invoke(NativeMethodAccessorImpl.java:62)
	at java.base/jdk.internal.reflect.DelegatingMethodAccessorImpl.invoke(DelegatingMethodAccessorImpl.java:43)
	at java.base/java.lang.reflect.Method.invoke(Method.java:567)
	at org.testng.internal.MethodInvocationHelper.invokeMethod(MethodInvocationHelper.java:134)
	at org.testng.internal.TestInvoker.invokeMethod(TestInvoker.java:597)
	at org.testng.internal.TestInvoker.invokeTestMethod(TestInvoker.java:173)
	at org.testng.internal.MethodRunner.runInSequence(MethodRunner.java:46)
	at org.testng.internal.TestInvoker$MethodInvocationAgent.invoke(TestInvoker.java:816)
	at org.testng.internal.TestInvoker.invokeTestMethods(TestInvoker.java:146)
	at org.testng.internal.TestMethodWorker.invokeTestMethods(TestMethodWorker.java:146)
	at org.testng.internal.TestMethodWorker.run(TestMethodWorker.java:128)
	at java.base/java.util.ArrayList.forEach(ArrayList.java:1507)
	at org.testng.TestRunner.privateRun(TestRunner.java:766)
	at org.testng.TestRunner.run(TestRunner.java:587)
	at org.testng.SuiteRunner.runTest(SuiteRunner.java:384)
	at org.testng.SuiteRunner.runSequentially(SuiteRunner.java:378)
	at org.testng.SuiteRunner.privateRun(SuiteRunner.java:337)
	at org.testng.SuiteRunner.run(SuiteRunner.java:286)
	at org.testng.SuiteRunnerWorker.runSuite(SuiteRunnerWorker.java:53)
	at org.testng.SuiteRunnerWorker.run(SuiteRunnerWorker.java:96)
	at org.testng.TestNG.runSuitesSequentially(TestNG.java:1187)
	at org.testng.TestNG.runSuitesLocally(TestNG.java:1109)
	at org.testng.TestNG.runSuites(TestNG.java:1039)
	at org.testng.TestNG.run(TestNG.java:1007)
	at com.intellij.rt.testng.IDEARemoteTestNG.run(IDEARemoteTestNG.java:66)
	at com.intellij.rt.testng.RemoteTestNGStarter.main(RemoteTestNGStarter.java:110)
</textarea>
								
							</td>
						</tr>
					</tbody>
				</table>
			</div>
		</div>
	</li>
	<li class='node level-1 leaf pass' status='pass' test-id='56'>
		<div class='collapsible-header'>
			<div class='node-name'>editOutputSheetButtonTest</div>
			<span class='node-time'>Mar 27, 2020 08:20:27 AM</span>
			&middot; <span class='node-duration'>0h 0m 0s+0ms</span>
			<span class='test-status right pass'>pass</span>
		</div>
		<div class='collapsible-body'>
			<div class='node-steps'>
				<table class='bordered table-results'>
					<thead>
						<tr>
							<th>Status</th>
							<th>Timestamp</th>
							<th>Details</th>
						</tr>
					</thead>
					<tbody>
						<tr class='log' status='pass'>
							<td class='status pass' title='pass' alt='pass'><i class='material-icons'>check_circle</i></td>
							<td class='timestamp'>8:20:31 AM</td>
							<td class='step-details'>
									Test passed
								
							</td>
						</tr>
					</tbody>
				</table>
			</div>
		</div>
	</li>
	<li class='node level-1 leaf pass' status='pass' test-id='57'>
		<div class='collapsible-header'>
			<div class='node-name'>exportOutputSheetTest</div>
			<span class='node-time'>Mar 27, 2020 08:20:36 AM</span>
			&middot; <span class='node-duration'>0h 0m 0s+0ms</span>
			<span class='test-status right pass'>pass</span>
		</div>
		<div class='collapsible-body'>
			<div class='node-steps'>
				<table class='bordered table-results'>
					<thead>
						<tr>
							<th>Status</th>
							<th>Timestamp</th>
							<th>Details</th>
						</tr>
					</thead>
					<tbody>
						<tr class='log' status='pass'>
							<td class='status pass' title='pass' alt='pass'><i class='material-icons'>check_circle</i></td>
							<td class='timestamp'>8:20:40 AM</td>
							<td class='step-details'>
									Test passed
								
							</td>
						</tr>
					</tbody>
				</table>
			</div>
		</div>
	</li>
	<li class='node level-1 leaf pass' status='pass' test-id='58'>
		<div class='collapsible-header'>
			<div class='node-name'>deleteExcelModelTest</div>
			<span class='node-time'>Mar 27, 2020 08:20:45 AM</span>
			&middot; <span class='node-duration'>0h 0m 0s+0ms</span>
			<span class='test-status right pass'>pass</span>
		</div>
		<div class='collapsible-body'>
			<div class='node-steps'>
				<table class='bordered table-results'>
					<thead>
						<tr>
							<th>Status</th>
							<th>Timestamp</th>
							<th>Details</th>
						</tr>
					</thead>
					<tbody>
						<tr class='log' status='pass'>
							<td class='status pass' title='pass' alt='pass'><i class='material-icons'>check_circle</i></td>
							<td class='timestamp'>8:20:50 AM</td>
							<td class='step-details'>
									Test passed
								
							</td>
						</tr>
					</tbody>
				</table>
			</div>
		</div>
	</li>
	<li class='node level-1 leaf pass' status='pass' test-id='59'>
		<div class='collapsible-header'>
			<div class='node-name'>exportExcelModelTest</div>
			<span class='node-time'>Mar 27, 2020 08:20:55 AM</span>
			&middot; <span class='node-duration'>0h 0m 0s+0ms</span>
			<span class='test-status right pass'>pass</span>
		</div>
		<div class='collapsible-body'>
			<div class='node-steps'>
				<table class='bordered table-results'>
					<thead>
						<tr>
							<th>Status</th>
							<th>Timestamp</th>
							<th>Details</th>
						</tr>
					</thead>
					<tbody>
						<tr class='log' status='pass'>
							<td class='status pass' title='pass' alt='pass'><i class='material-icons'>check_circle</i></td>
							<td class='timestamp'>8:21:02 AM</td>
							<td class='step-details'>
									Test passed
								
							</td>
						</tr>
					</tbody>
				</table>
			</div>
		</div>
	</li>
	<li class='node level-1 leaf pass' status='pass' test-id='60'>
		<div class='collapsible-header'>
			<div class='node-name'>loadExcelModelTest</div>
			<span class='node-time'>Mar 27, 2020 08:21:07 AM</span>
			&middot; <span class='node-duration'>0h 0m 0s+0ms</span>
			<span class='test-status right pass'>pass</span>
		</div>
		<div class='collapsible-body'>
			<div class='node-steps'>
				<table class='bordered table-results'>
					<thead>
						<tr>
							<th>Status</th>
							<th>Timestamp</th>
							<th>Details</th>
						</tr>
					</thead>
					<tbody>
						<tr class='log' status='pass'>
							<td class='status pass' title='pass' alt='pass'><i class='material-icons'>check_circle</i></td>
							<td class='timestamp'>8:21:14 AM</td>
							<td class='step-details'>
									Test passed
								
							</td>
						</tr>
					</tbody>
				</table>
			</div>
		</div>
	</li>
	<li class='node level-1 leaf pass' status='pass' test-id='61'>
		<div class='collapsible-header'>
			<div class='node-name'>refreshHeaderLineTest</div>
			<span class='node-time'>Mar 27, 2020 08:21:19 AM</span>
			&middot; <span class='node-duration'>0h 0m 0s+0ms</span>
			<span class='test-status right pass'>pass</span>
		</div>
		<div class='collapsible-body'>
			<div class='node-steps'>
				<table class='bordered table-results'>
					<thead>
						<tr>
							<th>Status</th>
							<th>Timestamp</th>
							<th>Details</th>
						</tr>
					</thead>
					<tbody>
						<tr class='log' status='pass'>
							<td class='status pass' title='pass' alt='pass'><i class='material-icons'>check_circle</i></td>
							<td class='timestamp'>8:21:24 AM</td>
							<td class='step-details'>
									Test passed
								
							</td>
						</tr>
					</tbody>
				</table>
			</div>
		</div>
	</li>
	<li class='node level-1 leaf pass' status='pass' test-id='62'>
		<div class='collapsible-header'>
			<div class='node-name'>saveEditTest</div>
			<span class='node-time'>Mar 27, 2020 08:21:29 AM</span>
			&middot; <span class='node-duration'>0h 0m 0s+0ms</span>
			<span class='test-status right pass'>pass</span>
		</div>
		<div class='collapsible-body'>
			<div class='node-steps'>
				<table class='bordered table-results'>
					<thead>
						<tr>
							<th>Status</th>
							<th>Timestamp</th>
							<th>Details</th>
						</tr>
					</thead>
					<tbody>
						<tr class='log' status='pass'>
							<td class='status pass' title='pass' alt='pass'><i class='material-icons'>check_circle</i></td>
							<td class='timestamp'>8:21:35 AM</td>
							<td class='step-details'>
									Test passed
								
							</td>
						</tr>
					</tbody>
				</table>
			</div>
		</div>
	</li>
	<li class='node level-1 leaf pass' status='pass' test-id='63'>
		<div class='collapsible-header'>
			<div class='node-name'>saveExcelModelTest</div>
			<span class='node-time'>Mar 27, 2020 08:21:39 AM</span>
			&middot; <span class='node-duration'>0h 0m 0s+0ms</span>
			<span class='test-status right pass'>pass</span>
		</div>
		<div class='collapsible-body'>
			<div class='node-steps'>
				<table class='bordered table-results'>
					<thead>
						<tr>
							<th>Status</th>
							<th>Timestamp</th>
							<th>Details</th>
						</tr>
					</thead>
					<tbody>
						<tr class='log' status='pass'>
							<td class='status pass' title='pass' alt='pass'><i class='material-icons'>check_circle</i></td>
							<td class='timestamp'>8:21:46 AM</td>
							<td class='step-details'>
									Test passed
								
							</td>
						</tr>
					</tbody>
				</table>
			</div>
		</div>
	</li>
	<li class='node level-1 leaf pass' status='pass' test-id='64'>
		<div class='collapsible-header'>
			<div class='node-name'>selectAllHeadersTest</div>
			<span class='node-time'>Mar 27, 2020 08:21:51 AM</span>
			&middot; <span class='node-duration'>0h 0m 0s+0ms</span>
			<span class='test-status right pass'>pass</span>
		</div>
		<div class='collapsible-body'>
			<div class='node-steps'>
				<table class='bordered table-results'>
					<thead>
						<tr>
							<th>Status</th>
							<th>Timestamp</th>
							<th>Details</th>
						</tr>
					</thead>
					<tbody>
						<tr class='log' status='pass'>
							<td class='status pass' title='pass' alt='pass'><i class='material-icons'>check_circle</i></td>
							<td class='timestamp'>8:21:55 AM</td>
							<td class='step-details'>
									Test passed
								
							</td>
						</tr>
					</tbody>
				</table>
			</div>
		</div>
	</li>
</ul>
					</div>
				</li>
				<li class='test displayed active has-leaf fail' status='fail' bdd='false' test-id='65'>
					<div class='test-heading'>
						<span class='test-name'>CSVManagementTests</span>
						<span class='test-time'>Mar 27, 2020 08:22:00 AM</span>
						<span class='test-status right fail'>fail</span>
					</div>
					<div class='test-content hide'>
<div class='test-time-info'>
	<span class='label start-time'>Mar 27, 2020 08:22:00 AM</span>
	<span class='label end-time'>Mar 27, 2020 08:22:00 AM</span>
	<span class='label time-taken grey lighten-1 white-text'>0h 0m 0s+0ms</span>
</div>
<ul class='collapsible node-list' data-collapsible='accordion'>
	<li class='node level-1 leaf pass' status='pass' test-id='66'>
		<div class='collapsible-header'>
			<div class='node-name'>clearCSVManagementTest</div>
			<span class='node-time'>Mar 27, 2020 08:22:00 AM</span>
			&middot; <span class='node-duration'>0h 0m 0s+0ms</span>
			<span class='test-status right pass'>pass</span>
		</div>
		<div class='collapsible-body'>
			<div class='node-steps'>
				<table class='bordered table-results'>
					<thead>
						<tr>
							<th>Status</th>
							<th>Timestamp</th>
							<th>Details</th>
						</tr>
					</thead>
					<tbody>
						<tr class='log' status='pass'>
							<td class='status pass' title='pass' alt='pass'><i class='material-icons'>check_circle</i></td>
							<td class='timestamp'>8:22:02 AM</td>
							<td class='step-details'>
									Test passed
								
							</td>
						</tr>
					</tbody>
				</table>
			</div>
		</div>
	</li>
	<li class='node level-1 leaf pass' status='pass' test-id='67'>
		<div class='collapsible-header'>
			<div class='node-name'>importCSVModelTest</div>
			<span class='node-time'>Mar 27, 2020 08:22:07 AM</span>
			&middot; <span class='node-duration'>0h 0m 0s+0ms</span>
			<span class='test-status right pass'>pass</span>
		</div>
		<div class='collapsible-body'>
			<div class='node-steps'>
				<table class='bordered table-results'>
					<thead>
						<tr>
							<th>Status</th>
							<th>Timestamp</th>
							<th>Details</th>
						</tr>
					</thead>
					<tbody>
						<tr class='log' status='pass'>
							<td class='status pass' title='pass' alt='pass'><i class='material-icons'>check_circle</i></td>
							<td class='timestamp'>8:22:14 AM</td>
							<td class='step-details'>
									Test passed
								
							</td>
						</tr>
					</tbody>
				</table>
			</div>
		</div>
	</li>
	<li class='node level-1 leaf pass' status='pass' test-id='68'>
		<div class='collapsible-header'>
			<div class='node-name'>loadCSVFileInManagement</div>
			<span class='node-time'>Mar 27, 2020 08:22:19 AM</span>
			&middot; <span class='node-duration'>0h 0m 0s+0ms</span>
			<span class='test-status right pass'>pass</span>
		</div>
		<div class='collapsible-body'>
			<div class='node-steps'>
				<table class='bordered table-results'>
					<thead>
						<tr>
							<th>Status</th>
							<th>Timestamp</th>
							<th>Details</th>
						</tr>
					</thead>
					<tbody>
						<tr class='log' status='pass'>
							<td class='status pass' title='pass' alt='pass'><i class='material-icons'>check_circle</i></td>
							<td class='timestamp'>8:22:21 AM</td>
							<td class='step-details'>
									Test passed
								
							</td>
						</tr>
					</tbody>
				</table>
			</div>
		</div>
	</li>
	<li class='node level-1 leaf pass' status='pass' test-id='69'>
		<div class='collapsible-header'>
			<div class='node-name'>loadTransposeDataTest</div>
			<span class='node-time'>Mar 27, 2020 08:22:26 AM</span>
			&middot; <span class='node-duration'>0h 0m 0s+0ms</span>
			<span class='test-status right pass'>pass</span>
		</div>
		<div class='collapsible-body'>
			<div class='node-steps'>
				<table class='bordered table-results'>
					<thead>
						<tr>
							<th>Status</th>
							<th>Timestamp</th>
							<th>Details</th>
						</tr>
					</thead>
					<tbody>
						<tr class='log' status='pass'>
							<td class='status pass' title='pass' alt='pass'><i class='material-icons'>check_circle</i></td>
							<td class='timestamp'>8:22:29 AM</td>
							<td class='step-details'>
									Test passed
								
							</td>
						</tr>
					</tbody>
				</table>
			</div>
		</div>
	</li>
	<li class='node level-1 leaf pass' status='pass' test-id='70'>
		<div class='collapsible-header'>
			<div class='node-name'>previewParsingTest</div>
			<span class='node-time'>Mar 27, 2020 08:22:34 AM</span>
			&middot; <span class='node-duration'>0h 0m 0s+0ms</span>
			<span class='test-status right pass'>pass</span>
		</div>
		<div class='collapsible-body'>
			<div class='node-steps'>
				<table class='bordered table-results'>
					<thead>
						<tr>
							<th>Status</th>
							<th>Timestamp</th>
							<th>Details</th>
						</tr>
					</thead>
					<tbody>
						<tr class='log' status='pass'>
							<td class='status pass' title='pass' alt='pass'><i class='material-icons'>check_circle</i></td>
							<td class='timestamp'>8:22:36 AM</td>
							<td class='step-details'>
									Test passed
								
							</td>
						</tr>
					</tbody>
				</table>
			</div>
		</div>
	</li>
	<li class='node level-1 leaf pass' status='pass' test-id='71'>
		<div class='collapsible-header'>
			<div class='node-name'>saveCSVParsingModelTest</div>
			<span class='node-time'>Mar 27, 2020 08:22:41 AM</span>
			&middot; <span class='node-duration'>0h 0m 0s+0ms</span>
			<span class='test-status right pass'>pass</span>
		</div>
		<div class='collapsible-body'>
			<div class='node-steps'>
				<table class='bordered table-results'>
					<thead>
						<tr>
							<th>Status</th>
							<th>Timestamp</th>
							<th>Details</th>
						</tr>
					</thead>
					<tbody>
						<tr class='log' status='pass'>
							<td class='status pass' title='pass' alt='pass'><i class='material-icons'>check_circle</i></td>
							<td class='timestamp'>8:22:49 AM</td>
							<td class='step-details'>
									Test passed
								
							</td>
						</tr>
					</tbody>
				</table>
			</div>
		</div>
	</li>
	<li class='node level-1 leaf pass' status='pass' test-id='72'>
		<div class='collapsible-header'>
			<div class='node-name'>deleteCSVModelTest</div>
			<span class='node-time'>Mar 27, 2020 08:22:54 AM</span>
			&middot; <span class='node-duration'>0h 0m 0s+0ms</span>
			<span class='test-status right pass'>pass</span>
		</div>
		<div class='collapsible-body'>
			<div class='node-steps'>
				<table class='bordered table-results'>
					<thead>
						<tr>
							<th>Status</th>
							<th>Timestamp</th>
							<th>Details</th>
						</tr>
					</thead>
					<tbody>
						<tr class='log' status='pass'>
							<td class='status pass' title='pass' alt='pass'><i class='material-icons'>check_circle</i></td>
							<td class='timestamp'>8:23:01 AM</td>
							<td class='step-details'>
									Test passed
								
							</td>
						</tr>
					</tbody>
				</table>
			</div>
		</div>
	</li>
	<li class='node level-1 leaf fail' status='fail' test-id='73'>
		<div class='collapsible-header'>
			<div class='node-name'>exportCSVModelTest</div>
			<span class='node-time'>Mar 27, 2020 08:23:06 AM</span>
			&middot; <span class='node-duration'>0h 0m 0s+0ms</span>
			<span class='test-status right fail'>fail</span>
		</div>
		<div class='collapsible-body'>
			<div class='node-steps'>
				<table class='bordered table-results'>
					<thead>
						<tr>
							<th>Status</th>
							<th>Timestamp</th>
							<th>Details</th>
						</tr>
					</thead>
					<tbody>
						<tr class='log' status='fail'>
							<td class='status fail' title='fail' alt='fail'><i class='material-icons'>cancel</i></td>
							<td class='timestamp'>8:23:10 AM</td>
							<td class='step-details'>
									<textarea disabled class="code-block">java.lang.AssertionError: CSV Parsing Model can not be exported! expected [true] but found [false]
	at org.testng.Assert.fail(Assert.java:97)
	at org.testng.Assert.failNotEquals(Assert.java:969)
	at org.testng.Assert.assertTrue(Assert.java:43)
	at tests.CSVManagementTests.exportCSVModelTest(CSVManagementTests.java:140)
	at java.base/jdk.internal.reflect.NativeMethodAccessorImpl.invoke0(Native Method)
	at java.base/jdk.internal.reflect.NativeMethodAccessorImpl.invoke(NativeMethodAccessorImpl.java:62)
	at java.base/jdk.internal.reflect.DelegatingMethodAccessorImpl.invoke(DelegatingMethodAccessorImpl.java:43)
	at java.base/java.lang.reflect.Method.invoke(Method.java:567)
	at org.testng.internal.MethodInvocationHelper.invokeMethod(MethodInvocationHelper.java:134)
	at org.testng.internal.TestInvoker.invokeMethod(TestInvoker.java:597)
	at org.testng.internal.TestInvoker.invokeTestMethod(TestInvoker.java:173)
	at org.testng.internal.MethodRunner.runInSequence(MethodRunner.java:46)
	at org.testng.internal.TestInvoker$MethodInvocationAgent.invoke(TestInvoker.java:816)
	at org.testng.internal.TestInvoker.invokeTestMethods(TestInvoker.java:146)
	at org.testng.internal.TestMethodWorker.invokeTestMethods(TestMethodWorker.java:146)
	at org.testng.internal.TestMethodWorker.run(TestMethodWorker.java:128)
	at java.base/java.util.ArrayList.forEach(ArrayList.java:1507)
	at org.testng.TestRunner.privateRun(TestRunner.java:766)
	at org.testng.TestRunner.run(TestRunner.java:587)
	at org.testng.SuiteRunner.runTest(SuiteRunner.java:384)
	at org.testng.SuiteRunner.runSequentially(SuiteRunner.java:378)
	at org.testng.SuiteRunner.privateRun(SuiteRunner.java:337)
	at org.testng.SuiteRunner.run(SuiteRunner.java:286)
	at org.testng.SuiteRunnerWorker.runSuite(SuiteRunnerWorker.java:53)
	at org.testng.SuiteRunnerWorker.run(SuiteRunnerWorker.java:96)
	at org.testng.TestNG.runSuitesSequentially(TestNG.java:1187)
	at org.testng.TestNG.runSuitesLocally(TestNG.java:1109)
	at org.testng.TestNG.runSuites(TestNG.java:1039)
	at org.testng.TestNG.run(TestNG.java:1007)
	at com.intellij.rt.testng.IDEARemoteTestNG.run(IDEARemoteTestNG.java:66)
	at com.intellij.rt.testng.RemoteTestNGStarter.main(RemoteTestNGStarter.java:110)
</textarea>
								
							</td>
						</tr>
					</tbody>
				</table>
			</div>
		</div>
	</li>
	<li class='node level-1 leaf pass' status='pass' test-id='74'>
		<div class='collapsible-header'>
			<div class='node-name'>loadCSVModelTest</div>
			<span class='node-time'>Mar 27, 2020 08:23:15 AM</span>
			&middot; <span class='node-duration'>0h 0m 0s+0ms</span>
			<span class='test-status right pass'>pass</span>
		</div>
		<div class='collapsible-body'>
			<div class='node-steps'>
				<table class='bordered table-results'>
					<thead>
						<tr>
							<th>Status</th>
							<th>Timestamp</th>
							<th>Details</th>
						</tr>
					</thead>
					<tbody>
						<tr class='log' status='pass'>
							<td class='status pass' title='pass' alt='pass'><i class='material-icons'>check_circle</i></td>
							<td class='timestamp'>8:23:21 AM</td>
							<td class='step-details'>
									Test passed
								
							</td>
						</tr>
					</tbody>
				</table>
			</div>
		</div>
	</li>
	<li class='node level-1 leaf pass' status='pass' test-id='75'>
		<div class='collapsible-header'>
			<div class='node-name'>changeHeaderNameInTransposeModelTest</div>
			<span class='node-time'>Mar 27, 2020 08:23:26 AM</span>
			&middot; <span class='node-duration'>0h 0m 0s+0ms</span>
			<span class='test-status right pass'>pass</span>
		</div>
		<div class='collapsible-body'>
			<div class='node-steps'>
				<table class='bordered table-results'>
					<thead>
						<tr>
							<th>Status</th>
							<th>Timestamp</th>
							<th>Details</th>
						</tr>
					</thead>
					<tbody>
						<tr class='log' status='pass'>
							<td class='status pass' title='pass' alt='pass'><i class='material-icons'>check_circle</i></td>
							<td class='timestamp'>8:23:29 AM</td>
							<td class='step-details'>
									Test passed
								
							</td>
						</tr>
					</tbody>
				</table>
			</div>
		</div>
	</li>
	<li class='node level-1 leaf pass' status='pass' test-id='76'>
		<div class='collapsible-header'>
			<div class='node-name'>exportTransposeTest</div>
			<span class='node-time'>Mar 27, 2020 08:23:34 AM</span>
			&middot; <span class='node-duration'>0h 0m 0s+0ms</span>
			<span class='test-status right pass'>pass</span>
		</div>
		<div class='collapsible-body'>
			<div class='node-steps'>
				<table class='bordered table-results'>
					<thead>
						<tr>
							<th>Status</th>
							<th>Timestamp</th>
							<th>Details</th>
						</tr>
					</thead>
					<tbody>
						<tr class='log' status='pass'>
							<td class='status pass' title='pass' alt='pass'><i class='material-icons'>check_circle</i></td>
							<td class='timestamp'>8:23:38 AM</td>
							<td class='step-details'>
									Test passed
								
							</td>
						</tr>
					</tbody>
				</table>
			</div>
		</div>
	</li>
	<li class='node level-1 leaf pass' status='pass' test-id='77'>
		<div class='collapsible-header'>
			<div class='node-name'>clearPreviewParsingTest</div>
			<span class='node-time'>Mar 27, 2020 08:23:43 AM</span>
			&middot; <span class='node-duration'>0h 0m 0s+0ms</span>
			<span class='test-status right pass'>pass</span>
		</div>
		<div class='collapsible-body'>
			<div class='node-steps'>
				<table class='bordered table-results'>
					<thead>
						<tr>
							<th>Status</th>
							<th>Timestamp</th>
							<th>Details</th>
						</tr>
					</thead>
					<tbody>
						<tr class='log' status='pass'>
							<td class='status pass' title='pass' alt='pass'><i class='material-icons'>check_circle</i></td>
							<td class='timestamp'>8:23:47 AM</td>
							<td class='step-details'>
									Test passed
								
							</td>
						</tr>
					</tbody>
				</table>
			</div>
		</div>
	</li>
	<li class='node level-1 leaf pass' status='pass' test-id='78'>
		<div class='collapsible-header'>
			<div class='node-name'>customizedParsingTest</div>
			<span class='node-time'>Mar 27, 2020 08:23:52 AM</span>
			&middot; <span class='node-duration'>0h 0m 0s+0ms</span>
			<span class='test-status right pass'>pass</span>
		</div>
		<div class='collapsible-body'>
			<div class='node-steps'>
				<table class='bordered table-results'>
					<thead>
						<tr>
							<th>Status</th>
							<th>Timestamp</th>
							<th>Details</th>
						</tr>
					</thead>
					<tbody>
						<tr class='log' status='pass'>
							<td class='status pass' title='pass' alt='pass'><i class='material-icons'>check_circle</i></td>
							<td class='timestamp'>8:24:08 AM</td>
							<td class='step-details'>
									Test passed
								
							</td>
						</tr>
					</tbody>
				</table>
			</div>
		</div>
	</li>
	<li class='node level-1 leaf pass' status='pass' test-id='79'>
		<div class='collapsible-header'>
			<div class='node-name'>exportParsingTest</div>
			<span class='node-time'>Mar 27, 2020 08:24:13 AM</span>
			&middot; <span class='node-duration'>0h 0m 0s+0ms</span>
			<span class='test-status right pass'>pass</span>
		</div>
		<div class='collapsible-body'>
			<div class='node-steps'>
				<table class='bordered table-results'>
					<thead>
						<tr>
							<th>Status</th>
							<th>Timestamp</th>
							<th>Details</th>
						</tr>
					</thead>
					<tbody>
						<tr class='log' status='pass'>
							<td class='status pass' title='pass' alt='pass'><i class='material-icons'>check_circle</i></td>
							<td class='timestamp'>8:24:17 AM</td>
							<td class='step-details'>
									Test passed
								
							</td>
						</tr>
					</tbody>
				</table>
			</div>
		</div>
	</li>
	<li class='node level-1 leaf pass' status='pass' test-id='80'>
		<div class='collapsible-header'>
			<div class='node-name'>parsingSeparatorTest</div>
			<span class='node-time'>Mar 27, 2020 08:24:21 AM</span>
			&middot; <span class='node-duration'>0h 0m 0s+0ms</span>
			<span class='test-status right pass'>pass</span>
		</div>
		<div class='collapsible-body'>
			<div class='node-steps'>
				<table class='bordered table-results'>
					<thead>
						<tr>
							<th>Status</th>
							<th>Timestamp</th>
							<th>Details</th>
						</tr>
					</thead>
					<tbody>
						<tr class='log' status='pass'>
							<td class='status pass' title='pass' alt='pass'><i class='material-icons'>check_circle</i></td>
							<td class='timestamp'>8:24:24 AM</td>
							<td class='step-details'>
									Test passed
								
							</td>
						</tr>
					</tbody>
				</table>
			</div>
		</div>
	</li>
	<li class='node level-1 leaf pass' status='pass' test-id='81'>
		<div class='collapsible-header'>
			<div class='node-name'>saveTransposeModelTest</div>
			<span class='node-time'>Mar 27, 2020 08:24:29 AM</span>
			&middot; <span class='node-duration'>0h 0m 0s+0ms</span>
			<span class='test-status right pass'>pass</span>
		</div>
		<div class='collapsible-body'>
			<div class='node-steps'>
				<table class='bordered table-results'>
					<thead>
						<tr>
							<th>Status</th>
							<th>Timestamp</th>
							<th>Details</th>
						</tr>
					</thead>
					<tbody>
						<tr class='log' status='pass'>
							<td class='status pass' title='pass' alt='pass'><i class='material-icons'>check_circle</i></td>
							<td class='timestamp'>8:24:36 AM</td>
							<td class='step-details'>
									Test passed
								
							</td>
						</tr>
					</tbody>
				</table>
			</div>
		</div>
	</li>
	<li class='node level-1 leaf pass' status='pass' test-id='82'>
		<div class='collapsible-header'>
			<div class='node-name'>transposeColumnOptionsTest</div>
			<span class='node-time'>Mar 27, 2020 08:24:41 AM</span>
			&middot; <span class='node-duration'>0h 0m 0s+0ms</span>
			<span class='test-status right pass'>pass</span>
		</div>
		<div class='collapsible-body'>
			<div class='node-steps'>
				<table class='bordered table-results'>
					<thead>
						<tr>
							<th>Status</th>
							<th>Timestamp</th>
							<th>Details</th>
						</tr>
					</thead>
					<tbody>
						<tr class='log' status='pass'>
							<td class='status pass' title='pass' alt='pass'><i class='material-icons'>check_circle</i></td>
							<td class='timestamp'>8:24:46 AM</td>
							<td class='step-details'>
									Test passed
								
							</td>
						</tr>
					</tbody>
				</table>
			</div>
		</div>
	</li>
</ul>
					</div>
				</li>
			</ul>
		</div>
	</div>
	<!-- subview left -->
	<div class='subview-right left'>
		<div class='view-summary'>
			<div id='step-filters' class="right sr-filters">
				<a class="btn-floating waves-effect waves-light green" status="pass" alt="pass" title="pass"><i class="material-icons">check_circle</i></a>
				<a class="btn-floating waves-effect waves-light red" status="fail" alt="fail" title="fail"><i class="material-icons">cancel</i></a>
				<a class="btn-floating waves-effect waves-light red darken-4" status="fatal" alt="fatal" title="fatal"><i class="material-icons">cancel</i></a>
				<a class="btn-floating waves-effect waves-light pink text-lighten-1" status="error" alt="error" title="error"><i class="material-icons">error</i></a>
				<a class="btn-floating waves-effect waves-light orange" alt="warning" status="warning" title="warning"><i class="material-icons">warning</i></a>
				<a class="btn-floating waves-effect waves-light teal" status="skip" alt="skip" title="skip"><i class="material-icons">redo</i></a>
				<a class="btn-floating waves-effect waves-light grey" status="clear" alt="Clear filters" title="Clear filters"><i class="material-icons">clear</i></a>
			</div>
			<h5 class='test-name'></h5>
		</div>
	</div>
	<!-- subview right -->
</div>
<!-- test view --><!-- category view --><div id='exception-view' class='view hide'>
	<section id='controls'>
		<div class='controls grey lighten-4'>
			<!-- search -->
			<div class='chip transparent' alt='Search Tests' title='Search Tests'>
				<a href="#" class='search-div'>
				<i class='material-icons'>search</i> Search
				</a>
				<div class='input-field left hide'>
					<input id='search-tests' type='text' class='validate browser-default' placeholder='Search Tests...'>
				</div>
			</div>
			<!-- search -->
		</div>
	</section>
	<div class='subview-left left'>
		<div class='view-summary'>
			<ul id='exception-collection' class='exception-collection'>
				<li class='exception displayed active'>
					<div class='exception-heading'>
						<span class='exception-name'>java.lang.AssertionError</span>
						<span class='exception-count right'><span class='label red lighten-1 white-text'>5</span></span>
					</div>
					<div class='exception-content hide'>
						<div class='exception-tests'>
							<table class='bordered table-results'>
								<thead>
									<tr>
										<th>Timestamp</th>
										<th>TestName</th>
										<th>Status</th>
									</tr>
								</thead>
								<tbody>
									<tr>
										<td>Mar 27, 2020 08:13:01 AM</td>
										<td class='linked' test-id='6'>LoadFileTests.importAndDeleteRegularModel</td>
										<td>
											<textarea disabled class="code-block">java.lang.AssertionError: Regular Model import fails! expected [Success] but found [Error]
	at org.testng.Assert.fail(Assert.java:97)
	at org.testng.Assert.assertEqualsImpl(Assert.java:136)
	at org.testng.Assert.assertEquals(Assert.java:118)
	at org.testng.Assert.assertEquals(Assert.java:575)
	at tests.LoadFileTests.importAndDeleteRegularModel(LoadFileTests.java:68)
	at java.base/jdk.internal.reflect.NativeMethodAccessorImpl.invoke0(Native Method)
	at java.base/jdk.internal.reflect.NativeMethodAccessorImpl.invoke(NativeMethodAccessorImpl.java:62)
	at java.base/jdk.internal.reflect.DelegatingMethodAccessorImpl.invoke(DelegatingMethodAccessorImpl.java:43)
	at java.base/java.lang.reflect.Method.invoke(Method.java:567)
	at org.testng.internal.MethodInvocationHelper.invokeMethod(MethodInvocationHelper.java:134)
	at org.testng.internal.TestInvoker.invokeMethod(TestInvoker.java:597)
	at org.testng.internal.TestInvoker.invokeTestMethod(TestInvoker.java:173)
	at org.testng.internal.MethodRunner.runInSequence(MethodRunner.java:46)
	at org.testng.internal.TestInvoker$MethodInvocationAgent.invoke(TestInvoker.java:816)
	at org.testng.internal.TestInvoker.invokeTestMethods(TestInvoker.java:146)
	at org.testng.internal.TestMethodWorker.invokeTestMethods(TestMethodWorker.java:146)
	at org.testng.internal.TestMethodWorker.run(TestMethodWorker.java:128)
	at java.base/java.util.ArrayList.forEach(ArrayList.java:1507)
	at org.testng.TestRunner.privateRun(TestRunner.java:766)
	at org.testng.TestRunner.run(TestRunner.java:587)
	at org.testng.SuiteRunner.runTest(SuiteRunner.java:384)
	at org.testng.SuiteRunner.runSequentially(SuiteRunner.java:378)
	at org.testng.SuiteRunner.privateRun(SuiteRunner.java:337)
	at org.testng.SuiteRunner.run(SuiteRunner.java:286)
	at org.testng.SuiteRunnerWorker.runSuite(SuiteRunnerWorker.java:53)
	at org.testng.SuiteRunnerWorker.run(SuiteRunnerWorker.java:96)
	at org.testng.TestNG.runSuitesSequentially(TestNG.java:1187)
	at org.testng.TestNG.runSuitesLocally(TestNG.java:1109)
	at org.testng.TestNG.runSuites(TestNG.java:1039)
	at org.testng.TestNG.run(TestNG.java:1007)
	at com.intellij.rt.testng.IDEARemoteTestNG.run(IDEARemoteTestNG.java:66)
	at com.intellij.rt.testng.RemoteTestNGStarter.main(RemoteTestNGStarter.java:110)
</textarea>
										</td>
									</tr>
									<tr>
										<td>Mar 27, 2020 08:16:03 AM</td>
										<td class='linked' test-id='29'>TextModelTests.displayWrapperResultTests</td>
										<td>
											<textarea disabled class="code-block">java.lang.AssertionError: Wrapper result is not shown correctly in 'Model Extraction Results' modal! expected [4] but found [0]
	at org.testng.Assert.fail(Assert.java:97)
	at org.testng.Assert.assertEqualsImpl(Assert.java:136)
	at org.testng.Assert.assertEquals(Assert.java:118)
	at org.testng.Assert.assertEquals(Assert.java:839)
	at tests.TextModelTests.displayWrapperResultTests(TextModelTests.java:249)
	at java.base/jdk.internal.reflect.NativeMethodAccessorImpl.invoke0(Native Method)
	at java.base/jdk.internal.reflect.NativeMethodAccessorImpl.invoke(NativeMethodAccessorImpl.java:62)
	at java.base/jdk.internal.reflect.DelegatingMethodAccessorImpl.invoke(DelegatingMethodAccessorImpl.java:43)
	at java.base/java.lang.reflect.Method.invoke(Method.java:567)
	at org.testng.internal.MethodInvocationHelper.invokeMethod(MethodInvocationHelper.java:134)
	at org.testng.internal.TestInvoker.invokeMethod(TestInvoker.java:597)
	at org.testng.internal.TestInvoker.invokeTestMethod(TestInvoker.java:173)
	at org.testng.internal.MethodRunner.runInSequence(MethodRunner.java:46)
	at org.testng.internal.TestInvoker$MethodInvocationAgent.invoke(TestInvoker.java:816)
	at org.testng.internal.TestInvoker.invokeTestMethods(TestInvoker.java:146)
	at org.testng.internal.TestMethodWorker.invokeTestMethods(TestMethodWorker.java:146)
	at org.testng.internal.TestMethodWorker.run(TestMethodWorker.java:128)
	at java.base/java.util.ArrayList.forEach(ArrayList.java:1507)
	at org.testng.TestRunner.privateRun(TestRunner.java:766)
	at org.testng.TestRunner.run(TestRunner.java:587)
	at org.testng.SuiteRunner.runTest(SuiteRunner.java:384)
	at org.testng.SuiteRunner.runSequentially(SuiteRunner.java:378)
	at org.testng.SuiteRunner.privateRun(SuiteRunner.java:337)
	at org.testng.SuiteRunner.run(SuiteRunner.java:286)
	at org.testng.SuiteRunnerWorker.runSuite(SuiteRunnerWorker.java:53)
	at org.testng.SuiteRunnerWorker.run(SuiteRunnerWorker.java:96)
	at org.testng.TestNG.runSuitesSequentially(TestNG.java:1187)
	at org.testng.TestNG.runSuitesLocally(TestNG.java:1109)
	at org.testng.TestNG.runSuites(TestNG.java:1039)
	at org.testng.TestNG.run(TestNG.java:1007)
	at com.intellij.rt.testng.IDEARemoteTestNG.run(IDEARemoteTestNG.java:66)
	at com.intellij.rt.testng.RemoteTestNGStarter.main(RemoteTestNGStarter.java:110)
</textarea>
										</td>
									</tr>
									<tr>
										<td>Mar 27, 2020 08:16:19 AM</td>
										<td class='linked' test-id='30'>TextModelTests.createNewModelTest</td>
										<td>
											<textarea disabled class="code-block">java.lang.AssertionError: Page is not cleared! expected [0] but found [1]
	at org.testng.Assert.fail(Assert.java:97)
	at org.testng.Assert.assertEqualsImpl(Assert.java:136)
	at org.testng.Assert.assertEquals(Assert.java:118)
	at org.testng.Assert.assertEquals(Assert.java:839)
	at tests.TextModelTests.createNewModelTest(TextModelTests.java:318)
	at java.base/jdk.internal.reflect.NativeMethodAccessorImpl.invoke0(Native Method)
	at java.base/jdk.internal.reflect.NativeMethodAccessorImpl.invoke(NativeMethodAccessorImpl.java:62)
	at java.base/jdk.internal.reflect.DelegatingMethodAccessorImpl.invoke(DelegatingMethodAccessorImpl.java:43)
	at java.base/java.lang.reflect.Method.invoke(Method.java:567)
	at org.testng.internal.MethodInvocationHelper.invokeMethod(MethodInvocationHelper.java:134)
	at org.testng.internal.TestInvoker.invokeMethod(TestInvoker.java:597)
	at org.testng.internal.TestInvoker.invokeTestMethod(TestInvoker.java:173)
	at org.testng.internal.MethodRunner.runInSequence(MethodRunner.java:46)
	at org.testng.internal.TestInvoker$MethodInvocationAgent.invoke(TestInvoker.java:816)
	at org.testng.internal.TestInvoker.invokeTestMethods(TestInvoker.java:146)
	at org.testng.internal.TestMethodWorker.invokeTestMethods(TestMethodWorker.java:146)
	at org.testng.internal.TestMethodWorker.run(TestMethodWorker.java:128)
	at java.base/java.util.ArrayList.forEach(ArrayList.java:1507)
	at org.testng.TestRunner.privateRun(TestRunner.java:766)
	at org.testng.TestRunner.run(TestRunner.java:587)
	at org.testng.SuiteRunner.runTest(SuiteRunner.java:384)
	at org.testng.SuiteRunner.runSequentially(SuiteRunner.java:378)
	at org.testng.SuiteRunner.privateRun(SuiteRunner.java:337)
	at org.testng.SuiteRunner.run(SuiteRunner.java:286)
	at org.testng.SuiteRunnerWorker.runSuite(SuiteRunnerWorker.java:53)
	at org.testng.SuiteRunnerWorker.run(SuiteRunnerWorker.java:96)
	at org.testng.TestNG.runSuitesSequentially(TestNG.java:1187)
	at org.testng.TestNG.runSuitesLocally(TestNG.java:1109)
	at org.testng.TestNG.runSuites(TestNG.java:1039)
	at org.testng.TestNG.run(TestNG.java:1007)
	at com.intellij.rt.testng.IDEARemoteTestNG.run(IDEARemoteTestNG.java:66)
	at com.intellij.rt.testng.RemoteTestNGStarter.main(RemoteTestNGStarter.java:110)
</textarea>
										</td>
									</tr>
									<tr>
										<td>Mar 27, 2020 08:20:16 AM</td>
										<td class='linked' test-id='55'>ExcelManagementTests.dragAndDropHeaderTest</td>
										<td>
											<textarea disabled class="code-block">java.lang.AssertionError: Sheets can not be added by drag and drop! expected [true] but found [false]
	at org.testng.Assert.fail(Assert.java:97)
	at org.testng.Assert.failNotEquals(Assert.java:969)
	at org.testng.Assert.assertTrue(Assert.java:43)
	at tests.ExcelManagementTests.dragAndDropHeaderTest(ExcelManagementTests.java:151)
	at java.base/jdk.internal.reflect.NativeMethodAccessorImpl.invoke0(Native Method)
	at java.base/jdk.internal.reflect.NativeMethodAccessorImpl.invoke(NativeMethodAccessorImpl.java:62)
	at java.base/jdk.internal.reflect.DelegatingMethodAccessorImpl.invoke(DelegatingMethodAccessorImpl.java:43)
	at java.base/java.lang.reflect.Method.invoke(Method.java:567)
	at org.testng.internal.MethodInvocationHelper.invokeMethod(MethodInvocationHelper.java:134)
	at org.testng.internal.TestInvoker.invokeMethod(TestInvoker.java:597)
	at org.testng.internal.TestInvoker.invokeTestMethod(TestInvoker.java:173)
	at org.testng.internal.MethodRunner.runInSequence(MethodRunner.java:46)
	at org.testng.internal.TestInvoker$MethodInvocationAgent.invoke(TestInvoker.java:816)
	at org.testng.internal.TestInvoker.invokeTestMethods(TestInvoker.java:146)
	at org.testng.internal.TestMethodWorker.invokeTestMethods(TestMethodWorker.java:146)
	at org.testng.internal.TestMethodWorker.run(TestMethodWorker.java:128)
	at java.base/java.util.ArrayList.forEach(ArrayList.java:1507)
	at org.testng.TestRunner.privateRun(TestRunner.java:766)
	at org.testng.TestRunner.run(TestRunner.java:587)
	at org.testng.SuiteRunner.runTest(SuiteRunner.java:384)
	at org.testng.SuiteRunner.runSequentially(SuiteRunner.java:378)
	at org.testng.SuiteRunner.privateRun(SuiteRunner.java:337)
	at org.testng.SuiteRunner.run(SuiteRunner.java:286)
	at org.testng.SuiteRunnerWorker.runSuite(SuiteRunnerWorker.java:53)
	at org.testng.SuiteRunnerWorker.run(SuiteRunnerWorker.java:96)
	at org.testng.TestNG.runSuitesSequentially(TestNG.java:1187)
	at org.testng.TestNG.runSuitesLocally(TestNG.java:1109)
	at org.testng.TestNG.runSuites(TestNG.java:1039)
	at org.testng.TestNG.run(TestNG.java:1007)
	at com.intellij.rt.testng.IDEARemoteTestNG.run(IDEARemoteTestNG.java:66)
	at com.intellij.rt.testng.RemoteTestNGStarter.main(RemoteTestNGStarter.java:110)
</textarea>
										</td>
									</tr>
									<tr>
										<td>Mar 27, 2020 08:23:06 AM</td>
										<td class='linked' test-id='73'>CSVManagementTests.exportCSVModelTest</td>
										<td>
											<textarea disabled class="code-block">java.lang.AssertionError: CSV Parsing Model can not be exported! expected [true] but found [false]
	at org.testng.Assert.fail(Assert.java:97)
	at org.testng.Assert.failNotEquals(Assert.java:969)
	at org.testng.Assert.assertTrue(Assert.java:43)
	at tests.CSVManagementTests.exportCSVModelTest(CSVManagementTests.java:140)
	at java.base/jdk.internal.reflect.NativeMethodAccessorImpl.invoke0(Native Method)
	at java.base/jdk.internal.reflect.NativeMethodAccessorImpl.invoke(NativeMethodAccessorImpl.java:62)
	at java.base/jdk.internal.reflect.DelegatingMethodAccessorImpl.invoke(DelegatingMethodAccessorImpl.java:43)
	at java.base/java.lang.reflect.Method.invoke(Method.java:567)
	at org.testng.internal.MethodInvocationHelper.invokeMethod(MethodInvocationHelper.java:134)
	at org.testng.internal.TestInvoker.invokeMethod(TestInvoker.java:597)
	at org.testng.internal.TestInvoker.invokeTestMethod(TestInvoker.java:173)
	at org.testng.internal.MethodRunner.runInSequence(MethodRunner.java:46)
	at org.testng.internal.TestInvoker$MethodInvocationAgent.invoke(TestInvoker.java:816)
	at org.testng.internal.TestInvoker.invokeTestMethods(TestInvoker.java:146)
	at org.testng.internal.TestMethodWorker.invokeTestMethods(TestMethodWorker.java:146)
	at org.testng.internal.TestMethodWorker.run(TestMethodWorker.java:128)
	at java.base/java.util.ArrayList.forEach(ArrayList.java:1507)
	at org.testng.TestRunner.privateRun(TestRunner.java:766)
	at org.testng.TestRunner.run(TestRunner.java:587)
	at org.testng.SuiteRunner.runTest(SuiteRunner.java:384)
	at org.testng.SuiteRunner.runSequentially(SuiteRunner.java:378)
	at org.testng.SuiteRunner.privateRun(SuiteRunner.java:337)
	at org.testng.SuiteRunner.run(SuiteRunner.java:286)
	at org.testng.SuiteRunnerWorker.runSuite(SuiteRunnerWorker.java:53)
	at org.testng.SuiteRunnerWorker.run(SuiteRunnerWorker.java:96)
	at org.testng.TestNG.runSuitesSequentially(TestNG.java:1187)
	at org.testng.TestNG.runSuitesLocally(TestNG.java:1109)
	at org.testng.TestNG.runSuites(TestNG.java:1039)
	at org.testng.TestNG.run(TestNG.java:1007)
	at com.intellij.rt.testng.IDEARemoteTestNG.run(IDEARemoteTestNG.java:66)
	at com.intellij.rt.testng.RemoteTestNGStarter.main(RemoteTestNGStarter.java:110)
</textarea>
										</td>
									</tr>
								</tbody>
							</table>
						</div>
					</div>
				</li>
				<li class='exception displayed active'>
					<div class='exception-heading'>
						<span class='exception-name'>java.lang.Throwable</span>
						<span class='exception-count right'><span class='label red lighten-1 white-text'>2</span></span>
					</div>
					<div class='exception-content hide'>
						<div class='exception-tests'>
							<table class='bordered table-results'>
								<thead>
									<tr>
										<th>Timestamp</th>
										<th>TestName</th>
										<th>Status</th>
									</tr>
								</thead>
								<tbody>
									<tr>
										<td>Mar 27, 2020 08:13:04 AM</td>
										<td class='linked' test-id='7'>LoadFileTests.createCombinedModel</td>
										<td>
											<textarea disabled class="code-block">java.lang.Throwable: Method LoadFileTests.createCombinedModel()[pri:0, instance:tests.LoadFileTests@6166e06f] depends on not successfully finished methods
	at org.testng.internal.TestInvoker.invokeTestMethods(TestInvoker.java:101)
	at org.testng.internal.TestMethodWorker.invokeTestMethods(TestMethodWorker.java:146)
	at org.testng.internal.TestMethodWorker.run(TestMethodWorker.java:128)
	at java.base/java.util.ArrayList.forEach(ArrayList.java:1507)
	at org.testng.TestRunner.privateRun(TestRunner.java:766)
	at org.testng.TestRunner.run(TestRunner.java:587)
	at org.testng.SuiteRunner.runTest(SuiteRunner.java:384)
	at org.testng.SuiteRunner.runSequentially(SuiteRunner.java:378)
	at org.testng.SuiteRunner.privateRun(SuiteRunner.java:337)
	at org.testng.SuiteRunner.run(SuiteRunner.java:286)
	at org.testng.SuiteRunnerWorker.runSuite(SuiteRunnerWorker.java:53)
	at org.testng.SuiteRunnerWorker.run(SuiteRunnerWorker.java:96)
	at org.testng.TestNG.runSuitesSequentially(TestNG.java:1187)
	at org.testng.TestNG.runSuitesLocally(TestNG.java:1109)
	at org.testng.TestNG.runSuites(TestNG.java:1039)
	at org.testng.TestNG.run(TestNG.java:1007)
	at com.intellij.rt.testng.IDEARemoteTestNG.run(IDEARemoteTestNG.java:66)
	at com.intellij.rt.testng.RemoteTestNGStarter.main(RemoteTestNGStarter.java:110)
</textarea>
										</td>
									</tr>
									<tr>
										<td>Mar 27, 2020 08:13:04 AM</td>
										<td class='linked' test-id='8'>LoadFileTests.importAndDeleteCombinedModel</td>
										<td>
											<textarea disabled class="code-block">java.lang.Throwable: Method LoadFileTests.importAndDeleteCombinedModel()[pri:0, instance:tests.LoadFileTests@6166e06f] depends on not successfully finished methods
	at org.testng.internal.TestInvoker.invokeTestMethods(TestInvoker.java:101)
	at org.testng.internal.TestMethodWorker.invokeTestMethods(TestMethodWorker.java:146)
	at org.testng.internal.TestMethodWorker.run(TestMethodWorker.java:128)
	at java.base/java.util.ArrayList.forEach(ArrayList.java:1507)
	at org.testng.TestRunner.privateRun(TestRunner.java:766)
	at org.testng.TestRunner.run(TestRunner.java:587)
	at org.testng.SuiteRunner.runTest(SuiteRunner.java:384)
	at org.testng.SuiteRunner.runSequentially(SuiteRunner.java:378)
	at org.testng.SuiteRunner.privateRun(SuiteRunner.java:337)
	at org.testng.SuiteRunner.run(SuiteRunner.java:286)
	at org.testng.SuiteRunnerWorker.runSuite(SuiteRunnerWorker.java:53)
	at org.testng.SuiteRunnerWorker.run(SuiteRunnerWorker.java:96)
	at org.testng.TestNG.runSuitesSequentially(TestNG.java:1187)
	at org.testng.TestNG.runSuitesLocally(TestNG.java:1109)
	at org.testng.TestNG.runSuites(TestNG.java:1039)
	at org.testng.TestNG.run(TestNG.java:1007)
	at com.intellij.rt.testng.IDEARemoteTestNG.run(IDEARemoteTestNG.java:66)
	at com.intellij.rt.testng.RemoteTestNGStarter.main(RemoteTestNGStarter.java:110)
</textarea>
										</td>
									</tr>
								</tbody>
							</table>
						</div>
					</div>
				</li>
				<li class='exception displayed active'>
					<div class='exception-heading'>
						<span class='exception-name'>org.openqa.selenium.ElementClickInterceptedException</span>
						<span class='exception-count right'><span class='label red lighten-1 white-text'>2</span></span>
					</div>
					<div class='exception-content hide'>
						<div class='exception-tests'>
							<table class='bordered table-results'>
								<thead>
									<tr>
										<th>Timestamp</th>
										<th>TestName</th>
										<th>Status</th>
									</tr>
								</thead>
								<tbody>
									<tr>
										<td>Mar 27, 2020 08:16:52 AM</td>
										<td class='linked' test-id='32'>TextModelTests.deleteSpecificWrapper</td>
										<td>
											<textarea disabled class="code-block">org.openqa.selenium.ElementClickInterceptedException: element click intercepted: Element <div class="react-contextmenu-item" role="menuitem" tabindex="-1" aria-disabled="false">...</div> is not clickable at point (234, 357). Other element would receive the click: <div class="CodeMirror-scroll" tabindex="-1">...</div>
  (Session info: chrome=80.0.3987.149)
Build info: version: '3.141.59', revision: 'e82be7d358', time: '2018-11-14T08:17:03'
System info: host: 'ISTY2M004756151', ip: '10.122.26.193', os.name: 'Windows 7', os.arch: 'amd64', os.version: '6.1', java.version: '13.0.1'
Driver info: org.openqa.selenium.chrome.ChromeDriver
Capabilities {acceptInsecureCerts: false, browserName: chrome, browserVersion: 80.0.3987.149, chrome: {chromedriverVersion: 79.0.3945.36 (3582db32b3389..., userDataDir: C:\Users\M00475~1\AppData\L...}, goog:chromeOptions: {debuggerAddress: localhost:49868}, javascriptEnabled: true, networkConnectionEnabled: false, pageLoadStrategy: normal, platform: WINDOWS, platformName: WINDOWS, proxy: Proxy(), setWindowRect: true, strictFileInteractability: false, timeouts: {implicit: 0, pageLoad: 300000, script: 30000}, unhandledPromptBehavior: dismiss and notify}
Session ID: 109bd64cdb82b4f7a7ec45ed019b589b
	at java.base/jdk.internal.reflect.NativeConstructorAccessorImpl.newInstance0(Native Method)
	at java.base/jdk.internal.reflect.NativeConstructorAccessorImpl.newInstance(NativeConstructorAccessorImpl.java:62)
	at java.base/jdk.internal.reflect.DelegatingConstructorAccessorImpl.newInstance(DelegatingConstructorAccessorImpl.java:45)
	at java.base/java.lang.reflect.Constructor.newInstanceWithCaller(Constructor.java:500)
	at java.base/java.lang.reflect.Constructor.newInstance(Constructor.java:481)
	at org.openqa.selenium.remote.http.W3CHttpResponseCodec.createException(W3CHttpResponseCodec.java:187)
	at org.openqa.selenium.remote.http.W3CHttpResponseCodec.decode(W3CHttpResponseCodec.java:122)
	at org.openqa.selenium.remote.http.W3CHttpResponseCodec.decode(W3CHttpResponseCodec.java:49)
	at org.openqa.selenium.remote.HttpCommandExecutor.execute(HttpCommandExecutor.java:158)
	at org.openqa.selenium.remote.service.DriverCommandExecutor.execute(DriverCommandExecutor.java:83)
	at org.openqa.selenium.remote.RemoteWebDriver.execute(RemoteWebDriver.java:552)
	at org.openqa.selenium.remote.RemoteWebElement.execute(RemoteWebElement.java:285)
	at org.openqa.selenium.remote.RemoteWebElement.click(RemoteWebElement.java:84)
	at jdk.internal.reflect.GeneratedMethodAccessor1.invoke(Unknown Source)
	at java.base/jdk.internal.reflect.DelegatingMethodAccessorImpl.invoke(DelegatingMethodAccessorImpl.java:43)
	at java.base/java.lang.reflect.Method.invoke(Method.java:567)
	at org.openqa.selenium.support.pagefactory.internal.LocatingElementHandler.invoke(LocatingElementHandler.java:51)
	at com.sun.proxy.$Proxy11.click(Unknown Source)
	at pages.ContextMenu.setSimpleTableRule(ContextMenu.java:214)
	at tests.TextModelTests.deleteSpecificWrapper(TextModelTests.java:208)
	at java.base/jdk.internal.reflect.NativeMethodAccessorImpl.invoke0(Native Method)
	at java.base/jdk.internal.reflect.NativeMethodAccessorImpl.invoke(NativeMethodAccessorImpl.java:62)
	at java.base/jdk.internal.reflect.DelegatingMethodAccessorImpl.invoke(DelegatingMethodAccessorImpl.java:43)
	at java.base/java.lang.reflect.Method.invoke(Method.java:567)
	at org.testng.internal.MethodInvocationHelper.invokeMethod(MethodInvocationHelper.java:134)
	at org.testng.internal.TestInvoker.invokeMethod(TestInvoker.java:597)
	at org.testng.internal.TestInvoker.invokeTestMethod(TestInvoker.java:173)
	at org.testng.internal.MethodRunner.runInSequence(MethodRunner.java:46)
	at org.testng.internal.TestInvoker$MethodInvocationAgent.invoke(TestInvoker.java:816)
	at org.testng.internal.TestInvoker.invokeTestMethods(TestInvoker.java:146)
	at org.testng.internal.TestMethodWorker.invokeTestMethods(TestMethodWorker.java:146)
	at org.testng.internal.TestMethodWorker.run(TestMethodWorker.java:128)
	at java.base/java.util.ArrayList.forEach(ArrayList.java:1507)
	at org.testng.TestRunner.privateRun(TestRunner.java:766)
	at org.testng.TestRunner.run(TestRunner.java:587)
	at org.testng.SuiteRunner.runTest(SuiteRunner.java:384)
	at org.testng.SuiteRunner.runSequentially(SuiteRunner.java:378)
	at org.testng.SuiteRunner.privateRun(SuiteRunner.java:337)
	at org.testng.SuiteRunner.run(SuiteRunner.java:286)
	at org.testng.SuiteRunnerWorker.runSuite(SuiteRunnerWorker.java:53)
	at org.testng.SuiteRunnerWorker.run(SuiteRunnerWorker.java:96)
	at org.testng.TestNG.runSuitesSequentially(TestNG.java:1187)
	at org.testng.TestNG.runSuitesLocally(TestNG.java:1109)
	at org.testng.TestNG.runSuites(TestNG.java:1039)
	at org.testng.TestNG.run(TestNG.java:1007)
	at com.intellij.rt.testng.IDEARemoteTestNG.run(IDEARemoteTestNG.java:66)
	at com.intellij.rt.testng.RemoteTestNGStarter.main(RemoteTestNGStarter.java:110)
</textarea>
										</td>
									</tr>
									<tr>
										<td>Mar 27, 2020 08:17:42 AM</td>
										<td class='linked' test-id='36'>TextModelTests.wrapperNumberTests</td>
										<td>
											<textarea disabled class="code-block">org.openqa.selenium.ElementClickInterceptedException: element click intercepted: Element <div class="react-contextmenu-item" role="menuitem" tabindex="-1" aria-disabled="false">...</div> is not clickable at point (234, 357). Other element would receive the click: <div class="CodeMirror-scroll" tabindex="-1">...</div>
  (Session info: chrome=80.0.3987.149)
Build info: version: '3.141.59', revision: 'e82be7d358', time: '2018-11-14T08:17:03'
System info: host: 'ISTY2M004756151', ip: '10.122.26.193', os.name: 'Windows 7', os.arch: 'amd64', os.version: '6.1', java.version: '13.0.1'
Driver info: org.openqa.selenium.chrome.ChromeDriver
Capabilities {acceptInsecureCerts: false, browserName: chrome, browserVersion: 80.0.3987.149, chrome: {chromedriverVersion: 79.0.3945.36 (3582db32b3389..., userDataDir: C:\Users\M00475~1\AppData\L...}, goog:chromeOptions: {debuggerAddress: localhost:49965}, javascriptEnabled: true, networkConnectionEnabled: false, pageLoadStrategy: normal, platform: WINDOWS, platformName: WINDOWS, proxy: Proxy(), setWindowRect: true, strictFileInteractability: false, timeouts: {implicit: 0, pageLoad: 300000, script: 30000}, unhandledPromptBehavior: dismiss and notify}
Session ID: 1c7cb93a57b514796ce0311d9c751999
	at java.base/jdk.internal.reflect.NativeConstructorAccessorImpl.newInstance0(Native Method)
	at java.base/jdk.internal.reflect.NativeConstructorAccessorImpl.newInstance(NativeConstructorAccessorImpl.java:62)
	at java.base/jdk.internal.reflect.DelegatingConstructorAccessorImpl.newInstance(DelegatingConstructorAccessorImpl.java:45)
	at java.base/java.lang.reflect.Constructor.newInstanceWithCaller(Constructor.java:500)
	at java.base/java.lang.reflect.Constructor.newInstance(Constructor.java:481)
	at org.openqa.selenium.remote.http.W3CHttpResponseCodec.createException(W3CHttpResponseCodec.java:187)
	at org.openqa.selenium.remote.http.W3CHttpResponseCodec.decode(W3CHttpResponseCodec.java:122)
	at org.openqa.selenium.remote.http.W3CHttpResponseCodec.decode(W3CHttpResponseCodec.java:49)
	at org.openqa.selenium.remote.HttpCommandExecutor.execute(HttpCommandExecutor.java:158)
	at org.openqa.selenium.remote.service.DriverCommandExecutor.execute(DriverCommandExecutor.java:83)
	at org.openqa.selenium.remote.RemoteWebDriver.execute(RemoteWebDriver.java:552)
	at org.openqa.selenium.remote.RemoteWebElement.execute(RemoteWebElement.java:285)
	at org.openqa.selenium.remote.RemoteWebElement.click(RemoteWebElement.java:84)
	at jdk.internal.reflect.GeneratedMethodAccessor1.invoke(Unknown Source)
	at java.base/jdk.internal.reflect.DelegatingMethodAccessorImpl.invoke(DelegatingMethodAccessorImpl.java:43)
	at java.base/java.lang.reflect.Method.invoke(Method.java:567)
	at org.openqa.selenium.support.pagefactory.internal.LocatingElementHandler.invoke(LocatingElementHandler.java:51)
	at com.sun.proxy.$Proxy11.click(Unknown Source)
	at pages.ContextMenu.setSimpleTableRule(ContextMenu.java:214)
	at tests.TextModelTests.wrapperNumberTests(TextModelTests.java:146)
	at java.base/jdk.internal.reflect.NativeMethodAccessorImpl.invoke0(Native Method)
	at java.base/jdk.internal.reflect.NativeMethodAccessorImpl.invoke(NativeMethodAccessorImpl.java:62)
	at java.base/jdk.internal.reflect.DelegatingMethodAccessorImpl.invoke(DelegatingMethodAccessorImpl.java:43)
	at java.base/java.lang.reflect.Method.invoke(Method.java:567)
	at org.testng.internal.MethodInvocationHelper.invokeMethod(MethodInvocationHelper.java:134)
	at org.testng.internal.TestInvoker.invokeMethod(TestInvoker.java:597)
	at org.testng.internal.TestInvoker.invokeTestMethod(TestInvoker.java:173)
	at org.testng.internal.MethodRunner.runInSequence(MethodRunner.java:46)
	at org.testng.internal.TestInvoker$MethodInvocationAgent.invoke(TestInvoker.java:816)
	at org.testng.internal.TestInvoker.invokeTestMethods(TestInvoker.java:146)
	at org.testng.internal.TestMethodWorker.invokeTestMethods(TestMethodWorker.java:146)
	at org.testng.internal.TestMethodWorker.run(TestMethodWorker.java:128)
	at java.base/java.util.ArrayList.forEach(ArrayList.java:1507)
	at org.testng.TestRunner.privateRun(TestRunner.java:766)
	at org.testng.TestRunner.run(TestRunner.java:587)
	at org.testng.SuiteRunner.runTest(SuiteRunner.java:384)
	at org.testng.SuiteRunner.runSequentially(SuiteRunner.java:378)
	at org.testng.SuiteRunner.privateRun(SuiteRunner.java:337)
	at org.testng.SuiteRunner.run(SuiteRunner.java:286)
	at org.testng.SuiteRunnerWorker.runSuite(SuiteRunnerWorker.java:53)
	at org.testng.SuiteRunnerWorker.run(SuiteRunnerWorker.java:96)
	at org.testng.TestNG.runSuitesSequentially(TestNG.java:1187)
	at org.testng.TestNG.runSuitesLocally(TestNG.java:1109)
	at org.testng.TestNG.runSuites(TestNG.java:1039)
	at org.testng.TestNG.run(TestNG.java:1007)
	at com.intellij.rt.testng.IDEARemoteTestNG.run(IDEARemoteTestNG.java:66)
	at com.intellij.rt.testng.RemoteTestNGStarter.main(RemoteTestNGStarter.java:110)
</textarea>
										</td>
									</tr>
								</tbody>
							</table>
						</div>
					</div>
				</li>
				<li class='exception displayed active'>
					<div class='exception-heading'>
						<span class='exception-name'>org.openqa.selenium.NoSuchElementException</span>
						<span class='exception-count right'><span class='label red lighten-1 white-text'>1</span></span>
					</div>
					<div class='exception-content hide'>
						<div class='exception-tests'>
							<table class='bordered table-results'>
								<thead>
									<tr>
										<th>Timestamp</th>
										<th>TestName</th>
										<th>Status</th>
									</tr>
								</thead>
								<tbody>
									<tr>
										<td>Mar 27, 2020 08:17:03 AM</td>
										<td class='linked' test-id='33'>TextModelTests.saveRegularModel</td>
										<td>
											<textarea disabled class="code-block">org.openqa.selenium.NoSuchElementException: no such element: Unable to locate element: {"method":"xpath","selector":"/html/body/div[3]/div[2]/div/div/div[2]/div[2]/div[2]/div/div[1]/div/div/div[1]/div/form/div[1]/div/div[2]/input"}
  (Session info: chrome=80.0.3987.149)
For documentation on this error, please visit: https://www.seleniumhq.org/exceptions/no_such_element.html
Build info: version: '3.141.59', revision: 'e82be7d358', time: '2018-11-14T08:17:03'
System info: host: 'ISTY2M004756151', ip: '10.122.26.193', os.name: 'Windows 7', os.arch: 'amd64', os.version: '6.1', java.version: '13.0.1'
Driver info: org.openqa.selenium.chrome.ChromeDriver
Capabilities {acceptInsecureCerts: false, browserName: chrome, browserVersion: 80.0.3987.149, chrome: {chromedriverVersion: 79.0.3945.36 (3582db32b3389..., userDataDir: C:\Users\M00475~1\AppData\L...}, goog:chromeOptions: {debuggerAddress: localhost:49891}, javascriptEnabled: true, networkConnectionEnabled: false, pageLoadStrategy: normal, platform: WINDOWS, platformName: WINDOWS, proxy: Proxy(), setWindowRect: true, strictFileInteractability: false, timeouts: {implicit: 0, pageLoad: 300000, script: 30000}, unhandledPromptBehavior: dismiss and notify}
Session ID: a07f64a97d90068d781606de5b5a9664
*** Element info: {Using=xpath, value=/html/body/div[3]/div[2]/div/div/div[2]/div[2]/div[2]/div/div[1]/div/div/div[1]/div/form/div[1]/div/div[2]/input}
	at java.base/jdk.internal.reflect.NativeConstructorAccessorImpl.newInstance0(Native Method)
	at java.base/jdk.internal.reflect.NativeConstructorAccessorImpl.newInstance(NativeConstructorAccessorImpl.java:62)
	at java.base/jdk.internal.reflect.DelegatingConstructorAccessorImpl.newInstance(DelegatingConstructorAccessorImpl.java:45)
	at java.base/java.lang.reflect.Constructor.newInstanceWithCaller(Constructor.java:500)
	at java.base/java.lang.reflect.Constructor.newInstance(Constructor.java:481)
	at org.openqa.selenium.remote.http.W3CHttpResponseCodec.createException(W3CHttpResponseCodec.java:187)
	at org.openqa.selenium.remote.http.W3CHttpResponseCodec.decode(W3CHttpResponseCodec.java:122)
	at org.openqa.selenium.remote.http.W3CHttpResponseCodec.decode(W3CHttpResponseCodec.java:49)
	at org.openqa.selenium.remote.HttpCommandExecutor.execute(HttpCommandExecutor.java:158)
	at org.openqa.selenium.remote.service.DriverCommandExecutor.execute(DriverCommandExecutor.java:83)
	at org.openqa.selenium.remote.RemoteWebDriver.execute(RemoteWebDriver.java:552)
	at org.openqa.selenium.remote.RemoteWebDriver.findElement(RemoteWebDriver.java:323)
	at org.openqa.selenium.remote.RemoteWebDriver.findElementByXPath(RemoteWebDriver.java:428)
	at org.openqa.selenium.By$ByXPath.findElement(By.java:353)
	at org.openqa.selenium.remote.RemoteWebDriver.findElement(RemoteWebDriver.java:315)
	at org.openqa.selenium.support.pagefactory.DefaultElementLocator.findElement(DefaultElementLocator.java:69)
	at org.openqa.selenium.support.pagefactory.internal.LocatingElementHandler.invoke(LocatingElementHandler.java:38)
	at com.sun.proxy.$Proxy11.sendKeys(Unknown Source)
	at pages.HomePage.saveModel(HomePage.java:121)
	at tests.TextModelTests.saveRegularModel(TextModelTests.java:367)
	at java.base/jdk.internal.reflect.NativeMethodAccessorImpl.invoke0(Native Method)
	at java.base/jdk.internal.reflect.NativeMethodAccessorImpl.invoke(NativeMethodAccessorImpl.java:62)
	at java.base/jdk.internal.reflect.DelegatingMethodAccessorImpl.invoke(DelegatingMethodAccessorImpl.java:43)
	at java.base/java.lang.reflect.Method.invoke(Method.java:567)
	at org.testng.internal.MethodInvocationHelper.invokeMethod(MethodInvocationHelper.java:134)
	at org.testng.internal.TestInvoker.invokeMethod(TestInvoker.java:597)
	at org.testng.internal.TestInvoker.invokeTestMethod(TestInvoker.java:173)
	at org.testng.internal.MethodRunner.runInSequence(MethodRunner.java:46)
	at org.testng.internal.TestInvoker$MethodInvocationAgent.invoke(TestInvoker.java:816)
	at org.testng.internal.TestInvoker.invokeTestMethods(TestInvoker.java:146)
	at org.testng.internal.TestMethodWorker.invokeTestMethods(TestMethodWorker.java:146)
	at org.testng.internal.TestMethodWorker.run(TestMethodWorker.java:128)
	at java.base/java.util.ArrayList.forEach(ArrayList.java:1507)
	at org.testng.TestRunner.privateRun(TestRunner.java:766)
	at org.testng.TestRunner.run(TestRunner.java:587)
	at org.testng.SuiteRunner.runTest(SuiteRunner.java:384)
	at org.testng.SuiteRunner.runSequentially(SuiteRunner.java:378)
	at org.testng.SuiteRunner.privateRun(SuiteRunner.java:337)
	at org.testng.SuiteRunner.run(SuiteRunner.java:286)
	at org.testng.SuiteRunnerWorker.runSuite(SuiteRunnerWorker.java:53)
	at org.testng.SuiteRunnerWorker.run(SuiteRunnerWorker.java:96)
	at org.testng.TestNG.runSuitesSequentially(TestNG.java:1187)
	at org.testng.TestNG.runSuitesLocally(TestNG.java:1109)
	at org.testng.TestNG.runSuites(TestNG.java:1039)
	at org.testng.TestNG.run(TestNG.java:1007)
	at com.intellij.rt.testng.IDEARemoteTestNG.run(IDEARemoteTestNG.java:66)
	at com.intellij.rt.testng.RemoteTestNGStarter.main(RemoteTestNGStarter.java:110)
</textarea>
										</td>
									</tr>
								</tbody>
							</table>
						</div>
					</div>
				</li>
			</ul>
		</div>
	</div>
	<div class='subview-right left'>
		<div class='view-summary'>
			<h5 class='exception-name'></h5>
		</div>
	</div>
</div>
<!-- exception view --><div id='dashboard-view' class='view hide'>
	<div class='card-panel transparent np-v'>
		<h5>Dashboard</h5>

		<div class='row'>
			<div class='col s2'>
				<div class='card-panel r'>
					Tests
					<div class='panel-lead'>8</div>
				</div>
			</div>
			<div class='col s2'>
				<div class='card-panel r'>
					Steps
					<div class='panel-lead'>74</div>
				</div>
			</div>
			<div class='col s2'>
				<div class='card-panel r'>
					Start
					<div class='panel-lead'>Mar 27, 2020 08:12:27 AM</div>
				</div>
			</div>
			<div class='col s2'>
				<div class='card-panel r'>
			 		End
			 		<div class='panel-lead'>Mar 27, 2020 08:24:47 AM</div>
				</div>
			</div>
			<div class='col s2'>
				<div class='card-panel r'>
					Time Taken
					<div class='panel-lead'>0h 12m 19s+987ms</div>
				</div>
			</div>
		</div>
	</div>
</div>
<!-- dashboard view -->
<!-- testrunner-logs view -->		</div>
		<!-- container -->
		<script>
			var statusGroup = {
                parentCount: 8,
				passParent: 4,
				failParent: 4,
				fatalParent: 0,
				errorParent: 0,
				warningParent: 0,
				skipParent: 0,
				exceptionsParent: 4,
				childCount: 74,
				passChild: 64,
				failChild: 8,
				fatalChild: 0,
				errorChild: 0,
				warningChild: 0,
				skipChild: 2,
				infoChild: 0,
				debugChild: 0,
				exceptionsChild: 10,
				grandChildCount: 0,
				passGrandChild: 0,
				failGrandChild: 0,
				fatalGrandChild: 0,
				errorGrandChild: 0,
				warningGrandChild: 0,
				skipGrandChild: 0,
				infoGrandChild: 0,
				debugGrandChild: 0,
				exceptionsGrandChild: 0,
			};
		</script>
		<script>
			var timeline = {
			        "LoadFileTests":0.004,"NavigationTests":0,"DashboardTests":0,"TextModelTests":0,"SearchTests":0,"SettingsTest":0,"ExcelManagementTests":0,"CSVManagementTests":0
			};
		</script>
		<script src='https://cdn.rawgit.com/extent-framework/extent-github-cdn/c23457b/v3html/js/extent.js' type='text/javascript'></script>
		<script type='text/javascript'>
			
            
                $(document).ready(function() {

                });
            
        
		</script>
	</body>
</html>